(node:14959) DeprecationWarning: current Server Discovery and Monitoring engine is deprecated, and will be removed in a future version. To use the new Server Discover and Monitoring engine, pass option { useUnifiedTopology: true } to the MongoClient constructor.
14959
server online
db connected
(node:29675) DeprecationWarning: current Server Discovery and Monitoring engine is deprecated, and will be removed in a future version. To use the new Server Discover and Monitoring engine, pass option { useUnifiedTopology: true } to the MongoClient constructor.
29675
server online
db connected
{}
{ MongoError: server instance pool was destroyed
    at basicWriteValidations (/home/server/node_modules/mongoose/node_modules/mongodb/lib/core/topologies/server.js:569:41)
    at Server.insert (/home/server/node_modules/mongoose/node_modules/mongodb/lib/core/topologies/server.js:683:16)
    at Server.insert (/home/server/node_modules/mongoose/node_modules/mongodb/lib/topologies/topology_base.js:322:25)
    at insertDocuments (/home/server/node_modules/mongoose/node_modules/mongodb/lib/operations/common_functions.js:260:19)
    at InsertOneOperation.execute (/home/server/node_modules/mongoose/node_modules/mongodb/lib/operations/insert_one.js:26:5)
    at executeOperation (/home/server/node_modules/mongoose/node_modules/mongodb/lib/operations/execute_operation.js:83:26)
    at Collection.insertOne (/home/server/node_modules/mongoose/node_modules/mongodb/lib/collection.js:476:10)
    at NativeCollection.(anonymous function) [as insertOne] (/home/server/node_modules/mongoose/lib/drivers/node-mongodb-native/collection.js:166:28)
    at model.Model.$__handleSave (/home/server/node_modules/mongoose/lib/model.js:266:33)
    at model.Model.$__save (/home/server/node_modules/mongoose/lib/model.js:324:8)
    at /home/server/node_modules/mongoose/node_modules/kareem/index.js:278:20
    at _next (/home/server/node_modules/mongoose/node_modules/kareem/index.js:102:16)
    at process.nextTick (/home/server/node_modules/mongoose/node_modules/kareem/index.js:507:38)
    at process._tickCallback (internal/process/next_tick.js:61:11) name: 'MongoError', [Symbol(mongoErrorContextSymbol)]: {} }
/home/server/node_modules/mongoose/lib/utils.js:271
            throw error;
            ^

Error [ERR_HTTP_HEADERS_SENT]: Cannot set headers after they are sent to the client
    at ServerResponse.setHeader (_http_outgoing.js:470:11)
    at ServerResponse.header (/home/server/node_modules/express/lib/response.js:771:10)
    at ServerResponse.send (/home/server/node_modules/express/lib/response.js:170:12)
    at ServerResponse.json (/home/server/node_modules/express/lib/response.js:267:15)
    at ServerResponse.send (/home/server/node_modules/express/lib/response.js:158:21)
    at /home/server/service/dataStorage.js:101:17
    at /home/server/node_modules/mongoose/lib/utils.js:268:11
    at _done (/home/server/node_modules/mongoose/lib/model.js:3047:16)
    at fn (/home/server/node_modules/mongoose/lib/model.js:3062:18)
    at callbackWrapper (/home/server/node_modules/mongoose/lib/model.js:3016:20)
    at /home/server/node_modules/mongoose/lib/model.js:4609:16
    at /home/server/node_modules/mongoose/lib/utils.js:268:11
    at $__save.error (/home/server/node_modules/mongoose/lib/model.js:472:16)
    at /home/server/node_modules/mongoose/node_modules/kareem/index.js:246:48
    at next (/home/server/node_modules/mongoose/node_modules/kareem/index.js:167:27)
    at next (/home/server/node_modules/mongoose/node_modules/kareem/index.js:169:9)
(node:11615) DeprecationWarning: current Server Discovery and Monitoring engine is deprecated, and will be removed in a future version. To use the new Server Discover and Monitoring engine, pass option { useUnifiedTopology: true } to the MongoClient constructor.
11615
server online
db connected
get data list
get data list
get data list
get data list
get data list
get data list
get data list
get data list
drain 2019-12-04T03:32:43.721Z
drain 2019-12-04T03:32:43.721Z
drain 2019-12-04T03:32:43.721Z
drain 2019-12-04T03:32:43.783Z
drain 2019-12-04T03:32:43.784Z
{}
get data list
get data list
get data list
get data list
get data list
get data list
get data list
