8899
19232
server online
db connected
删除成功
删除成功
删除成功
删除成功
删除成功
删除成功
删除成功
删除成功
删除成功
删除成功
删除成功
删除成功
删除成功
删除成功
删除成功
删除成功
删除成功
删除成功
删除成功
删除成功
删除成功
删除成功
删除成功
删除成功
删除成功
删除成功
删除成功
删除成功
删除成功
删除成功
删除成功
删除成功
删除成功
删除成功
删除成功
删除成功
删除成功
删除成功
删除成功
删除成功
删除成功
删除成功
删除成功
删除成功
删除成功
删除成功
删除成功
删除成功
删除成功
删除成功
删除成功
删除成功
删除成功
删除成功
删除成功
删除成功
删除成功
删除成功
删除成功
删除成功
删除成功
删除成功
删除成功
删除成功
删除成功
删除成功
删除成功
删除成功
删除成功
删除成功
删除成功
删除成功
删除成功
删除成功
删除成功
删除成功
删除成功
删除成功
删除成功
删除成功
删除成功
删除成功
删除成功
删除成功
删除成功
删除成功
删除成功
删除成功
删除成功
删除成功
删除成功
删除成功
删除成功
删除成功
删除成功
删除成功
删除成功
删除成功
删除成功
删除成功
删除成功
删除成功
删除成功
删除成功
删除成功
删除成功
删除成功
删除成功
删除成功
删除成功
删除成功
删除成功
删除成功
删除成功
删除成功
删除成功
删除成功
删除成功
删除成功
删除成功
删除成功
删除成功
删除成功
删除成功
删除成功
删除成功
删除成功
删除成功
删除成功
删除成功
删除成功
删除成功
删除成功
删除成功
删除成功
删除成功
删除成功
删除成功
删除成功
删除成功
删除成功
删除成功
删除成功
删除成功
删除成功
删除成功
删除成功
删除成功
删除成功
删除成功
删除成功
删除成功
删除成功
删除成功
删除成功
删除成功
删除成功
删除成功
删除成功
删除成功
删除成功
删除成功
删除成功
删除成功
删除成功
删除成功
删除成功
删除成功
删除成功
删除成功
删除成功
删除成功
删除成功
删除成功
删除成功
删除成功
删除成功
删除成功
删除成功
删除成功
删除成功
删除成功
删除成功
删除成功
删除成功
删除成功
删除成功
删除成功
删除成功
删除成功
删除成功
删除成功
删除成功
删除成功
删除成功
删除成功
删除成功
删除成功
删除成功
删除成功
删除成功
删除成功
删除成功
删除成功
删除成功
删除成功
删除成功
删除成功
删除成功
删除成功
删除成功
删除成功
删除成功
删除成功
删除成功
删除成功
删除成功
删除成功
删除成功
删除成功
删除成功
删除成功
删除成功
删除成功
删除成功
删除成功
删除成功
删除成功
删除成功
删除成功
删除成功
删除成功
删除成功
删除成功
删除成功
删除成功
删除成功
删除成功
删除成功
删除成功
删除成功
删除成功
删除成功
删除成功
删除成功
删除成功
删除成功
删除成功
删除成功
删除成功
删除成功
删除成功
删除成功
删除成功
删除成功
删除成功
删除成功
删除成功
删除成功
删除成功
删除成功
删除成功
删除成功
删除成功
删除成功
删除成功
删除成功
删除成功
删除成功
删除成功
删除成功
删除成功
删除成功
删除成功
删除成功
删除成功
删除成功
删除成功
删除成功
删除成功
删除成功
删除成功
删除成功
删除成功
删除成功
删除成功
删除成功
删除成功
删除成功
删除成功
删除成功
删除成功
删除成功
删除成功
删除成功
删除成功
删除成功
删除成功
删除成功
删除成功
删除成功
删除成功
删除成功
删除成功
删除成功
删除成功
删除成功
删除成功
删除成功
删除成功
删除成功
删除成功
删除成功
删除成功
删除成功
删除成功
删除成功
删除成功
删除成功
删除成功
删除成功
删除成功
删除成功
删除成功
删除成功
删除成功
删除成功
删除成功
删除成功
删除成功
删除成功
删除成功
删除成功
删除成功
删除成功
删除成功
删除成功
删除成功
删除成功
删除成功
删除成功
删除成功
删除成功
删除成功
删除成功
删除成功
删除成功
删除成功
删除成功
删除成功
删除成功
删除成功
删除成功
删除成功
删除成功
删除成功
删除成功
删除成功
删除成功
删除成功
删除成功
删除成功
删除成功
删除成功
删除成功
删除成功
删除成功
删除成功
删除成功
删除成功
删除成功
删除成功
删除成功
删除成功
删除成功
删除成功
删除成功
删除成功
删除成功
删除成功
删除成功
删除成功
删除成功
删除成功
删除成功
删除成功
删除成功
删除成功
删除成功
删除成功
删除成功
删除成功
删除成功
删除成功
删除成功
删除成功
删除成功
删除成功
删除成功
删除成功
删除成功
删除成功
删除成功
删除成功
删除成功
删除成功
删除成功
删除成功
删除成功
删除成功
删除成功
删除成功
删除成功
删除成功
删除成功
删除成功
删除成功
删除成功
删除成功
删除成功
删除成功
删除成功
删除成功
删除成功
删除成功
删除成功
删除成功
删除成功
删除成功
删除成功
删除成功
删除成功
删除成功
删除成功
删除成功
删除成功
删除成功
删除成功
删除成功
删除成功
删除成功
删除成功
删除成功
删除成功
删除成功
删除成功
删除成功
删除成功
删除成功
删除成功
删除成功
删除成功
删除成功
删除成功
删除成功
删除成功
删除成功
删除成功
删除成功
删除成功
删除成功
删除成功
删除成功
删除成功
删除成功
删除成功
删除成功
删除成功
删除成功
删除成功
删除成功
删除成功
删除成功
删除成功
删除成功
删除成功
删除成功
删除成功
删除成功
删除成功
删除成功
删除成功
删除成功
删除成功
删除成功
删除成功
删除成功
删除成功
删除成功
删除成功
删除成功
删除成功
删除成功
删除成功
删除成功
删除成功
删除成功
删除成功
删除成功
删除成功
删除成功
删除成功
删除成功
删除成功
删除成功
删除成功
删除成功
删除成功
删除成功
删除成功
删除成功
删除成功
删除成功
删除成功
删除成功
删除成功
删除成功
删除成功
删除成功
删除成功
删除成功
删除成功
删除成功
删除成功
删除成功
删除成功
删除成功
删除成功
删除成功
删除成功
删除成功
删除成功
删除成功
删除成功
删除成功
删除成功
删除成功
删除成功
删除成功
删除成功
删除成功
删除成功
删除成功
删除成功
删除成功
删除成功
删除成功
删除成功
删除成功
删除成功
删除成功
删除成功
删除成功
删除成功
删除成功
删除成功
删除成功
删除成功
删除成功
删除成功
删除成功
删除成功
删除成功
删除成功
删除成功
删除成功
删除成功
删除成功
删除成功
删除成功
删除成功
删除成功
删除成功
删除成功
删除成功
删除成功
删除成功
删除成功
删除成功
删除成功
删除成功
删除成功
删除成功
删除成功
删除成功
删除成功
删除成功
删除成功
删除成功
删除成功
删除成功
删除成功
删除成功
删除成功
删除成功
删除成功
删除成功
删除成功
删除成功
删除成功
删除成功
删除成功
删除成功
删除成功
删除成功
删除成功
删除成功
删除成功
删除成功
删除成功
删除成功
删除成功
删除成功
删除成功
删除成功
删除成功
删除成功
删除成功
删除成功
删除成功
删除成功
删除成功
删除成功
删除成功
删除成功
删除成功
删除成功
删除成功
删除成功
删除成功
删除成功
删除成功
删除成功
删除成功
删除成功
删除成功
删除成功
删除成功
删除成功
删除成功
删除成功
删除成功
删除成功
删除成功
删除成功
删除成功
删除成功
删除成功
删除成功
删除成功
删除成功
删除成功
删除成功
删除成功
删除成功
删除成功
删除成功
删除成功
删除成功
删除成功
删除成功
删除成功
删除成功
删除成功
删除成功
删除成功
删除成功
删除成功
删除成功
删除成功
删除成功
删除成功
删除成功
删除成功
删除成功
删除成功
删除成功
删除成功
删除成功
删除成功
删除成功
删除成功
删除成功
删除成功
删除成功
删除成功
删除成功
删除成功
删除成功
删除成功
删除成功
删除成功
删除成功
删除成功
删除成功
删除成功
删除成功
删除成功
删除成功
删除成功
删除成功
删除成功
删除成功
删除成功
删除成功
删除成功
删除成功
删除成功
删除成功
删除成功
删除成功
删除成功
删除成功
删除成功
删除成功
删除成功
删除成功
删除成功
删除成功
删除成功
删除成功
删除成功
删除成功
删除成功
删除成功
删除成功
删除成功
删除成功
删除成功
删除成功
删除成功
删除成功
删除成功
删除成功
删除成功
删除成功
删除成功
删除成功
删除成功
删除成功
删除成功
删除成功
删除成功
删除成功
删除成功
删除成功
删除成功
删除成功
删除成功
删除成功
删除成功
删除成功
删除成功
删除成功
删除成功
删除成功
删除成功
删除成功
删除成功
删除成功
删除成功
删除成功
删除成功
删除成功
删除成功
删除成功
删除成功
删除成功
删除成功
删除成功
删除成功
删除成功
删除成功
删除成功
删除成功
删除成功
删除成功
删除成功
删除成功
删除成功
删除成功
删除成功
删除成功
删除成功
删除成功
删除成功
删除成功
删除成功
删除成功
删除成功
删除成功
删除成功
删除成功
删除成功
删除成功
删除成功
删除成功
删除成功
删除成功
删除成功
删除成功
删除成功
删除成功
删除成功
删除成功
删除成功
删除成功
删除成功
删除成功
删除成功
删除成功
删除成功
删除成功
删除成功
删除成功
删除成功
删除成功
删除成功
删除成功
删除成功
删除成功
删除成功
删除成功
删除成功
删除成功
删除成功
删除成功
删除成功
删除成功
删除成功
删除成功
删除成功
删除成功
删除成功
删除成功
删除成功
删除成功
删除成功
删除成功
删除成功
删除成功
删除成功
删除成功
删除成功
删除成功
删除成功
删除成功
删除成功
删除成功
删除成功
删除成功
删除成功
删除成功
删除成功
删除成功
删除成功
删除成功
删除成功
删除成功
删除成功
删除成功
删除成功
删除成功
删除成功
删除成功
删除成功
删除成功
删除成功
删除成功
删除成功
删除成功
删除成功
删除成功
删除成功
删除成功
删除成功
删除成功
删除成功
删除成功
删除成功
删除成功
删除成功
删除成功
删除成功
删除成功
删除成功
删除成功
删除成功
删除成功
删除成功
删除成功
删除成功
删除成功
删除成功
删除成功
删除成功
删除成功
删除成功
删除成功
删除成功
删除成功
删除成功
删除成功
删除成功
删除成功
删除成功
删除成功
删除成功
删除成功
删除成功
删除成功
删除成功
删除成功
删除成功
删除成功
删除成功
删除成功
删除成功
删除成功
删除成功
删除成功
删除成功
删除成功
删除成功
删除成功
删除成功
删除成功
删除成功
删除成功
删除成功
删除成功
删除成功
删除成功
删除成功
删除成功
删除成功
删除成功
删除成功
删除成功
删除成功
删除成功
删除成功
删除成功
删除成功
删除成功
删除成功
删除成功
删除成功
删除成功
删除成功
删除成功
删除成功
删除成功
删除成功
删除成功
删除成功
删除成功
删除成功
删除成功
删除成功
删除成功
删除成功
删除成功
删除成功
删除成功
删除成功
删除成功
删除成功
删除成功
删除成功
删除成功
删除成功
删除成功
删除成功
删除成功
删除成功
删除成功
删除成功
删除成功
删除成功
删除成功
删除成功
删除成功
删除成功
删除成功
删除成功
删除成功
删除成功
删除成功
删除成功
删除成功
删除成功
删除成功
删除成功
删除成功
删除成功
删除成功
删除成功
删除成功
删除成功
删除成功
删除成功
删除成功
删除成功
删除成功
删除成功
删除成功
删除成功
删除成功
删除成功
删除成功
删除成功
删除成功
删除成功
删除成功
删除成功
删除成功
删除成功
删除成功
删除成功
删除成功
删除成功
删除成功
删除成功
删除成功
删除成功
删除成功
删除成功
删除成功
删除成功
删除成功
删除成功
删除成功
删除成功
删除成功
删除成功
删除成功
删除成功
删除成功
删除成功
删除成功
删除成功
删除成功
删除成功
删除成功
删除成功
删除成功
删除成功
删除成功
删除成功
删除成功
删除成功
删除成功
删除成功
删除成功
删除成功
删除成功
删除成功
删除成功
删除成功
删除成功
删除成功
删除成功
删除成功
删除成功
删除成功
删除成功
删除成功
删除成功
删除成功
删除成功
删除成功
删除成功
删除成功
删除成功
删除成功
删除成功
删除成功
删除成功
删除成功
删除成功
删除成功
删除成功
删除成功
删除成功
删除成功
删除成功
删除成功
删除成功
删除成功
删除成功
删除成功
删除成功
删除成功
删除成功
删除成功
删除成功
删除成功
删除成功
删除成功
删除成功
删除成功
删除成功
删除成功
删除成功
删除成功
删除成功
删除成功
删除成功
删除成功
删除成功
删除成功
删除成功
删除成功
删除成功
删除成功
删除成功
删除成功
删除成功
删除成功
删除成功
删除成功
删除成功
删除成功
删除成功
删除成功
删除成功
删除成功
删除成功
删除成功
删除成功
删除成功
删除成功
删除成功
删除成功
删除成功
删除成功
删除成功
删除成功
删除成功
删除成功
删除成功
删除成功
删除成功
删除成功
删除成功
删除成功
删除成功
删除成功
删除成功
删除成功
删除成功
删除成功
删除成功
删除成功
删除成功
删除成功
删除成功
删除成功
删除成功
删除成功
删除成功
删除成功
删除成功
删除成功
删除成功
删除成功
删除成功
删除成功
删除成功
删除成功
删除成功
删除成功
删除成功
删除成功
删除成功
删除成功
删除成功
删除成功
删除成功
删除成功
删除成功
删除成功
删除成功
删除成功
删除成功
删除成功
删除成功
删除成功
删除成功
删除成功
删除成功
删除成功
删除成功
删除成功
删除成功
删除成功
删除成功
删除成功
删除成功
删除成功
删除成功
删除成功
删除成功
删除成功
删除成功
删除成功
删除成功
删除成功
删除成功
删除成功
删除成功
删除成功
删除成功
删除成功
删除成功
删除成功
删除成功
删除成功
删除成功
删除成功
删除成功
删除成功
删除成功
删除成功
删除成功
删除成功
删除成功
删除成功
删除成功
删除成功
删除成功
删除成功
删除成功
删除成功
删除成功
删除成功
删除成功
删除成功
删除成功
删除成功
删除成功
删除成功
删除成功
删除成功
删除成功
删除成功
删除成功
删除成功
删除成功
删除成功
删除成功
删除成功
删除成功
删除成功
删除成功
删除成功
删除成功
删除成功
删除成功
删除成功
删除成功
删除成功
删除成功
删除成功
删除成功
删除成功
删除成功
删除成功
删除成功
删除成功
删除成功
删除成功
删除成功
删除成功
删除成功
删除成功
删除成功
删除成功
删除成功
删除成功
删除成功
删除成功
删除成功
删除成功
删除成功
删除成功
删除成功
删除成功
删除成功
删除成功
删除成功
删除成功
删除成功
删除成功
删除成功
删除成功
删除成功
删除成功
删除成功
删除成功
删除成功
删除成功
删除成功
删除成功
删除成功
删除成功
删除成功
删除成功
删除成功
删除成功
删除成功
删除成功
删除成功
删除成功
删除成功
删除成功
删除成功
删除成功
删除成功
删除成功
删除成功
删除成功
删除成功
删除成功
删除成功
删除成功
删除成功
删除成功
删除成功
删除成功
删除成功
删除成功
删除成功
删除成功
删除成功
删除成功
删除成功
删除成功
删除成功
删除成功
删除成功
删除成功
删除成功
删除成功
删除成功
删除成功
删除成功
删除成功
删除成功
删除成功
删除成功
删除成功
删除成功
删除成功
删除成功
删除成功
删除成功
删除成功
删除成功
删除成功
删除成功
删除成功
删除成功
删除成功
删除成功
删除成功
删除成功
删除成功
删除成功
删除成功
删除成功
删除成功
删除成功
删除成功
删除成功
删除成功
删除成功
删除成功
删除成功
删除成功
删除成功
删除成功
删除成功
ogmsdata
re.dbf
ogmsdata
re.shp
ogmsdata
re.shx
ogmsdata
config.udxcfg
data type: id [ 'config.udxcfg', 're.dbf', 're.shp', 're.shx' ]
s{ fileList:
   [ '/data/dataSource/0b04b6ff-e273-4fa9-a09e-47340bb0faec/0b04b6ff-e273-4fa9-a09e-47340bb0faec.zip' ],
  _id: 5fe987a33e19244b200d5ad4,
  uid: '0b04b6ff-e273-4fa9-a09e-47340bb0faec',
  name: 'test',
  origination: 'distributedContainer',
  serverNode: 'china',
  userId: 'fcky%2F35Rezr%2BKyazr8SRWA%3D%3D',
  date: 2020-12-28T07:22:00.000Z,
  path: '/data/dataSource/0b04b6ff-e273-4fa9-a09e-47340bb0faec',
  type: 'template',
  dataTemplateId: '4996e027-209b-4121-907b-1ed36a417d22',
  __v: 0 }
ogmsdata
re.dbf
ogmsdata
re.shp
ogmsdata
re.shx
ogmsdata
config.udxcfg
data type: id [ 'config.udxcfg', 're.dbf', 're.shp', 're.shx' ]
ogmsdata
re.dbf
ogmsdata
re.shp
ogmsdata
re.shx
ogmsdata
config.udxcfg
data type: id [ 'config.udxcfg', 're.dbf', 're.shp', 're.shx' ]
ogmsdata
re.dbf
ogmsdata
re.shp
ogmsdata
re.shx
ogmsdata
config.udxcfg
data type: id [ 'config.udxcfg', 're.dbf', 're.shp', 're.shx' ]
ogmsdata
re.dbf
ogmsdata
re.shp
ogmsdata
re.shx
ogmsdata
config.udxcfg
data type: id [ 'config.udxcfg', 're.dbf', 're.shp', 're.shx' ]
ogmsdata
re.dbf
ogmsdata
re.shp
ogmsdata
re.shx
ogmsdata
config.udxcfg
data type: id [ 'config.udxcfg', 're.dbf', 're.shp', 're.shx' ]
ogmsdata
re.dbf
ogmsdata
re.shp
ogmsdata
re.shx
ogmsdata
config.udxcfg
data type: id [ 'config.udxcfg', 're.dbf', 're.shp', 're.shx' ]
s{ fileList:
   [ '/data/dataSource/597cb963-b471-4227-9766-9ff419b5bde3/597cb963-b471-4227-9766-9ff419b5bde3.zip' ],
  _id: 5fe9900f3e19244b200d5ada,
  uid: '597cb963-b471-4227-9766-9ff419b5bde3',
  name: 'test',
  origination: 'distributedContainer',
  serverNode: 'china',
  userId: 'fcky/35Rezr+Kyazr8SRWA==',
  date: 2020-12-28T07:58:00.000Z,
  path: '/data/dataSource/597cb963-b471-4227-9766-9ff419b5bde3',
  type: 'template',
  dataTemplateId: '4996e027-209b-4121-907b-1ed36a417d22',
  __v: 0 }
s{ fileList:
   [ '/data/dataSource/597cb963-b471-4227-9766-9ff419b5bde3/597cb963-b471-4227-9766-9ff419b5bde3.zip' ],
  _id: 5fe9900f3e19244b200d5ada,
  uid: '597cb963-b471-4227-9766-9ff419b5bde3',
  name: 'test',
  origination: 'distributedContainer',
  serverNode: 'china',
  userId: 'fcky/35Rezr+Kyazr8SRWA==',
  date: 2020-12-28T07:58:00.000Z,
  path: '/data/dataSource/597cb963-b471-4227-9766-9ff419b5bde3',
  type: 'template',
  dataTemplateId: '4996e027-209b-4121-907b-1ed36a417d22',
  __v: 0 }
ogmsdata
CHN_adm2.zip
ogmsdata
config.udxcfg
none
none data: { uid: '89a116ef-97b9-4987-b171-41a8c7da7f74',
  name: 'test',
  origination: 'developer',
  serverNode: 'china',
  userId: '33',
  date: '2020-12-28 15:59',
  path: '/data/dataSource/89a116ef-97b9-4987-b171-41a8c7da7f74',
  type: 'none',
  fileList:
   [ '/data/dataSource/89a116ef-97b9-4987-b171-41a8c7da7f74/CHN_adm2.zip' ],
  singleFileName: 'CHN_adm2.zip' }
s{ fileList:
   [ '/data/dataSource/89a116ef-97b9-4987-b171-41a8c7da7f74/CHN_adm2.zip' ],
  _id: 5fe990703e19244b200d5adb,
  uid: '89a116ef-97b9-4987-b171-41a8c7da7f74',
  name: 'test',
  origination: 'developer',
  serverNode: 'china',
  userId: '33',
  date: 2020-12-28T07:59:00.000Z,
  path: '/data/dataSource/89a116ef-97b9-4987-b171-41a8c7da7f74',
  type: 'none',
  singleFileName: 'CHN_adm2.zip',
  __v: 0 }
{ fileList:
   [ '/data/dataSource/89a116ef-97b9-4987-b171-41a8c7da7f74/CHN_adm2.zip' ],
  _id: 5fe990703e19244b200d5adb,
  uid: '89a116ef-97b9-4987-b171-41a8c7da7f74',
  name: 'test',
  origination: 'developer',
  serverNode: 'china',
  userId: '33',
  date: 2020-12-28T07:59:00.000Z,
  path: '/data/dataSource/89a116ef-97b9-4987-b171-41a8c7da7f74',
  type: 'none',
  singleFileName: 'CHN_adm2.zip',
  __v: 0 }
ogmsdata
CHN_adm2.zip
ogmsdata
config.udxcfg
none
none data: { uid: 'e7efe43a-6650-4bc1-bffb-5dbe224a5ac8',
  name: 'test',
  origination: 'developer',
  serverNode: 'china',
  userId: '33',
  date: '2020-12-28 16:00',
  path: '/data/dataSource/e7efe43a-6650-4bc1-bffb-5dbe224a5ac8',
  type: 'none',
  fileList:
   [ '/data/dataSource/e7efe43a-6650-4bc1-bffb-5dbe224a5ac8/CHN_adm2.zip' ],
  singleFileName: 'CHN_adm2.zip' }
ogmsdata
re.dbf
ogmsdata
re.shp
ogmsdata
re.shx
ogmsdata
config.udxcfg
data type: id [ 'config.udxcfg', 're.dbf', 're.shp', 're.shx' ]
s{ fileList:
   [ '/data/dataSource/2c5be7e6-ec79-43f8-94f5-182ddfd1269a/2c5be7e6-ec79-43f8-94f5-182ddfd1269a.zip' ],
  _id: 5fe996ef3e19244b200d5add,
  uid: '2c5be7e6-ec79-43f8-94f5-182ddfd1269a',
  name: 'fcky/35Rezr+Kyazr8SRWA==',
  origination: 'distributedContainer',
  serverNode: 'china',
  userId: 'fcky/35Rezr+Kyazr8SRWA==',
  date: 2020-12-28T08:27:00.000Z,
  path: '/data/dataSource/2c5be7e6-ec79-43f8-94f5-182ddfd1269a',
  type: 'template',
  dataTemplateId: '4996e027-209b-4121-907b-1ed36a417d22',
  __v: 0 }
ogmsdata
re.dbf
ogmsdata
re.shp
ogmsdata
re.shx
ogmsdata
config.udxcfg
data type: id [ 'config.udxcfg', 're.dbf', 're.shp', 're.shx' ]
s{ fileList:
   [ '/data/dataSource/e6be53d2-b0da-4e31-b1bf-b7e1b3b0490e/e6be53d2-b0da-4e31-b1bf-b7e1b3b0490e.zip' ],
  _id: 5fe997093e19244b200d5ade,
  uid: 'e6be53d2-b0da-4e31-b1bf-b7e1b3b0490e',
  name: 'test',
  origination: 'distributedContainer',
  serverNode: 'china',
  userId: 'fcky/35Rezr+Kyazr8SRWA==',
  date: 2020-12-28T08:27:00.000Z,
  path: '/data/dataSource/e6be53d2-b0da-4e31-b1bf-b7e1b3b0490e',
  type: 'template',
  dataTemplateId: '4996e027-209b-4121-907b-1ed36a417d22',
  __v: 0 }
删除成功
删除成功
删除成功
删除成功
删除成功
删除成功
删除成功
删除成功
删除成功
删除成功
删除成功
删除成功
删除成功
删除成功
删除成功
删除成功
删除成功
删除成功
删除成功
删除成功
删除成功
删除成功
删除成功
删除成功
删除成功
删除成功
删除成功
删除成功
删除成功
删除成功
删除成功
删除成功
删除成功
删除成功
删除成功
删除成功
删除成功
删除成功
删除成功
删除成功
删除成功
删除成功
删除成功
删除成功
删除成功
删除成功
删除成功
删除成功
删除成功
删除成功
删除成功
删除成功
删除成功
删除成功
删除成功
删除成功
删除成功
删除成功
删除成功
删除成功
删除成功
删除成功
删除成功
删除成功
删除成功
删除成功
删除成功
删除成功
删除成功
删除成功
删除成功
删除成功
删除成功
删除成功
删除成功
删除成功
删除成功
删除成功
删除成功
删除成功
删除成功
删除成功
删除成功
删除成功
删除成功
删除成功
删除成功
删除成功
删除成功
删除成功
删除成功
删除成功
删除成功
删除成功
删除成功
删除成功
删除成功
删除成功
删除成功
删除成功
删除成功
删除成功
删除成功
删除成功
删除成功
删除成功
删除成功
删除成功
删除成功
删除成功
删除成功
删除成功
删除成功
删除成功
删除成功
删除成功
删除成功
删除成功
删除成功
删除成功
删除成功
删除成功
删除成功
删除成功
删除成功
删除成功
删除成功
删除成功
删除成功
删除成功
删除成功
删除成功
删除成功
删除成功
删除成功
删除成功
删除成功
删除成功
删除成功
删除成功
删除成功
删除成功
删除成功
删除成功
删除成功
删除成功
删除成功
删除成功
删除成功
删除成功
删除成功
删除成功
删除成功
删除成功
删除成功
删除成功
删除成功
删除成功
删除成功
删除成功
删除成功
删除成功
删除成功
删除成功
删除成功
删除成功
删除成功
删除成功
删除成功
删除成功
删除成功
删除成功
删除成功
删除成功
删除成功
删除成功
删除成功
删除成功
删除成功
删除成功
删除成功
删除成功
删除成功
删除成功
删除成功
删除成功
删除成功
删除成功
删除成功
删除成功
删除成功
删除成功
删除成功
删除成功
删除成功
删除成功
删除成功
删除成功
删除成功
删除成功
删除成功
删除成功
删除成功
删除成功
删除成功
删除成功
删除成功
删除成功
删除成功
删除成功
删除成功
删除成功
删除成功
删除成功
删除成功
删除成功
删除成功
删除成功
删除成功
删除成功
删除成功
删除成功
删除成功
删除成功
删除成功
删除成功
删除成功
删除成功
删除成功
删除成功
删除成功
删除成功
删除成功
删除成功
删除成功
删除成功
删除成功
删除成功
删除成功
删除成功
删除成功
删除成功
删除成功
删除成功
删除成功
删除成功
删除成功
删除成功
删除成功
删除成功
删除成功
删除成功
删除成功
删除成功
删除成功
删除成功
删除成功
删除成功
删除成功
删除成功
删除成功
删除成功
删除成功
删除成功
删除成功
删除成功
删除成功
删除成功
删除成功
删除成功
删除成功
删除成功
删除成功
删除成功
删除成功
删除成功
删除成功
删除成功
删除成功
删除成功
删除成功
删除成功
删除成功
删除成功
删除成功
删除成功
删除成功
删除成功
删除成功
删除成功
删除成功
删除成功
删除成功
删除成功
删除成功
删除成功
删除成功
删除成功
删除成功
删除成功
删除成功
删除成功
删除成功
删除成功
删除成功
删除成功
删除成功
删除成功
删除成功
删除成功
删除成功
删除成功
删除成功
删除成功
删除成功
删除成功
删除成功
删除成功
删除成功
删除成功
删除成功
删除成功
删除成功
删除成功
删除成功
删除成功
删除成功
删除成功
删除成功
删除成功
删除成功
删除成功
删除成功
删除成功
删除成功
删除成功
删除成功
删除成功
删除成功
删除成功
删除成功
删除成功
删除成功
删除成功
删除成功
删除成功
删除成功
删除成功
删除成功
删除成功
删除成功
删除成功
删除成功
删除成功
删除成功
删除成功
删除成功
删除成功
删除成功
删除成功
删除成功
删除成功
删除成功
删除成功
删除成功
删除成功
删除成功
删除成功
删除成功
删除成功
删除成功
删除成功
删除成功
删除成功
删除成功
删除成功
删除成功
删除成功
删除成功
删除成功
删除成功
删除成功
删除成功
删除成功
删除成功
删除成功
删除成功
删除成功
删除成功
删除成功
删除成功
删除成功
删除成功
删除成功
删除成功
删除成功
删除成功
删除成功
删除成功
删除成功
删除成功
删除成功
删除成功
删除成功
删除成功
删除成功
删除成功
删除成功
删除成功
删除成功
删除成功
删除成功
删除成功
删除成功
删除成功
删除成功
删除成功
删除成功
删除成功
删除成功
删除成功
删除成功
删除成功
删除成功
删除成功
删除成功
删除成功
删除成功
删除成功
删除成功
删除成功
删除成功
删除成功
删除成功
删除成功
删除成功
删除成功
删除成功
删除成功
删除成功
删除成功
删除成功
删除成功
删除成功
删除成功
删除成功
删除成功
删除成功
删除成功
删除成功
删除成功
删除成功
删除成功
删除成功
删除成功
删除成功
删除成功
删除成功
删除成功
删除成功
删除成功
删除成功
删除成功
删除成功
删除成功
删除成功
删除成功
删除成功
删除成功
删除成功
删除成功
删除成功
删除成功
删除成功
删除成功
删除成功
删除成功
删除成功
删除成功
删除成功
删除成功
删除成功
删除成功
删除成功
删除成功
删除成功
删除成功
删除成功
删除成功
删除成功
删除成功
删除成功
删除成功
删除成功
删除成功
删除成功
删除成功
删除成功
删除成功
删除成功
删除成功
删除成功
删除成功
删除成功
删除成功
删除成功
删除成功
删除成功
删除成功
删除成功
删除成功
删除成功
删除成功
删除成功
删除成功
删除成功
删除成功
删除成功
删除成功
删除成功
删除成功
删除成功
删除成功
删除成功
删除成功
删除成功
删除成功
删除成功
删除成功
删除成功
删除成功
删除成功
删除成功
删除成功
删除成功
删除成功
删除成功
删除成功
删除成功
删除成功
删除成功
删除成功
删除成功
删除成功
删除成功
删除成功
删除成功
删除成功
删除成功
删除成功
删除成功
删除成功
删除成功
删除成功
删除成功
删除成功
删除成功
删除成功
删除成功
删除成功
删除成功
删除成功
删除成功
删除成功
删除成功
删除成功
删除成功
删除成功
删除成功
删除成功
删除成功
删除成功
删除成功
删除成功
删除成功
删除成功
删除成功
删除成功
删除成功
删除成功
删除成功
删除成功
删除成功
删除成功
删除成功
删除成功
删除成功
删除成功
删除成功
删除成功
删除成功
删除成功
删除成功
删除成功
删除成功
删除成功
删除成功
删除成功
删除成功
删除成功
删除成功
删除成功
删除成功
删除成功
删除成功
删除成功
删除成功
删除成功
删除成功
删除成功
删除成功
删除成功
删除成功
删除成功
删除成功
删除成功
删除成功
删除成功
删除成功
删除成功
删除成功
删除成功
删除成功
删除成功
删除成功
删除成功
删除成功
删除成功
删除成功
删除成功
删除成功
删除成功
删除成功
删除成功
删除成功
删除成功
删除成功
删除成功
删除成功
删除成功
删除成功
删除成功
删除成功
删除成功
删除成功
删除成功
删除成功
删除成功
删除成功
删除成功
删除成功
删除成功
删除成功
删除成功
删除成功
删除成功
删除成功
删除成功
删除成功
删除成功
删除成功
删除成功
删除成功
删除成功
删除成功
删除成功
删除成功
删除成功
删除成功
删除成功
删除成功
删除成功
删除成功
删除成功
删除成功
删除成功
删除成功
删除成功
删除成功
删除成功
删除成功
删除成功
删除成功
删除成功
删除成功
删除成功
删除成功
删除成功
删除成功
删除成功
删除成功
删除成功
删除成功
删除成功
删除成功
删除成功
删除成功
删除成功
删除成功
删除成功
删除成功
删除成功
删除成功
删除成功
删除成功
删除成功
删除成功
删除成功
删除成功
删除成功
删除成功
删除成功
删除成功
删除成功
删除成功
删除成功
删除成功
删除成功
删除成功
删除成功
删除成功
删除成功
删除成功
删除成功
删除成功
删除成功
删除成功
删除成功
删除成功
删除成功
删除成功
删除成功
删除成功
删除成功
删除成功
删除成功
删除成功
删除成功
删除成功
删除成功
删除成功
删除成功
删除成功
删除成功
删除成功
删除成功
删除成功
删除成功
删除成功
删除成功
删除成功
删除成功
删除成功
删除成功
删除成功
删除成功
删除成功
删除成功
删除成功
删除成功
删除成功
删除成功
删除成功
删除成功
删除成功
删除成功
删除成功
删除成功
删除成功
删除成功
删除成功
删除成功
删除成功
删除成功
删除成功
删除成功
删除成功
删除成功
删除成功
删除成功
删除成功
删除成功
删除成功
删除成功
删除成功
删除成功
删除成功
删除成功
删除成功
删除成功
删除成功
删除成功
删除成功
删除成功
删除成功
删除成功
删除成功
删除成功
删除成功
删除成功
删除成功
删除成功
删除成功
删除成功
删除成功
删除成功
删除成功
删除成功
删除成功
删除成功
删除成功
删除成功
删除成功
删除成功
删除成功
删除成功
删除成功
删除成功
删除成功
删除成功
删除成功
删除成功
删除成功
删除成功
删除成功
删除成功
删除成功
删除成功
删除成功
删除成功
删除成功
删除成功
删除成功
删除成功
删除成功
删除成功
删除成功
删除成功
删除成功
删除成功
删除成功
删除成功
删除成功
删除成功
删除成功
删除成功
删除成功
删除成功
删除成功
删除成功
删除成功
删除成功
删除成功
删除成功
删除成功
删除成功
删除成功
删除成功
删除成功
删除成功
删除成功
删除成功
删除成功
删除成功
删除成功
删除成功
删除成功
删除成功
删除成功
删除成功
删除成功
删除成功
删除成功
删除成功
删除成功
删除成功
删除成功
删除成功
删除成功
删除成功
删除成功
删除成功
删除成功
删除成功
删除成功
删除成功
删除成功
删除成功
删除成功
删除成功
删除成功
删除成功
删除成功
删除成功
删除成功
删除成功
删除成功
删除成功
删除成功
删除成功
删除成功
删除成功
删除成功
删除成功
删除成功
删除成功
删除成功
删除成功
删除成功
删除成功
删除成功
删除成功
删除成功
删除成功
删除成功
删除成功
删除成功
删除成功
删除成功
删除成功
删除成功
删除成功
删除成功
删除成功
删除成功
删除成功
删除成功
删除成功
删除成功
删除成功
删除成功
删除成功
删除成功
删除成功
删除成功
删除成功
删除成功
删除成功
删除成功
删除成功
删除成功
删除成功
删除成功
删除成功
删除成功
删除成功
删除成功
删除成功
删除成功
删除成功
删除成功
删除成功
删除成功
删除成功
删除成功
删除成功
删除成功
删除成功
删除成功
删除成功
删除成功
删除成功
删除成功
删除成功
删除成功
删除成功
删除成功
删除成功
删除成功
删除成功
删除成功
删除成功
删除成功
删除成功
删除成功
删除成功
删除成功
删除成功
删除成功
删除成功
删除成功
删除成功
删除成功
删除成功
删除成功
删除成功
删除成功
删除成功
删除成功
删除成功
删除成功
删除成功
删除成功
删除成功
删除成功
删除成功
删除成功
删除成功
删除成功
删除成功
删除成功
删除成功
删除成功
删除成功
删除成功
删除成功
删除成功
删除成功
删除成功
删除成功
删除成功
删除成功
删除成功
删除成功
删除成功
删除成功
删除成功
删除成功
删除成功
删除成功
删除成功
删除成功
删除成功
删除成功
删除成功
删除成功
删除成功
删除成功
删除成功
删除成功
删除成功
删除成功
删除成功
删除成功
删除成功
删除成功
删除成功
删除成功
删除成功
删除成功
删除成功
删除成功
删除成功
删除成功
删除成功
删除成功
删除成功
删除成功
删除成功
删除成功
删除成功
删除成功
删除成功
删除成功
删除成功
删除成功
删除成功
删除成功
删除成功
删除成功
删除成功
删除成功
删除成功
删除成功
删除成功
删除成功
删除成功
删除成功
删除成功
删除成功
删除成功
删除成功
删除成功
删除成功
删除成功
删除成功
删除成功
删除成功
删除成功
删除成功
删除成功
删除成功
删除成功
删除成功
删除成功
删除成功
删除成功
删除成功
删除成功
删除成功
删除成功
删除成功
删除成功
删除成功
删除成功
删除成功
删除成功
删除成功
删除成功
删除成功
删除成功
删除成功
删除成功
删除成功
删除成功
删除成功
删除成功
删除成功
删除成功
删除成功
删除成功
删除成功
删除成功
删除成功
删除成功
删除成功
删除成功
删除成功
删除成功
删除成功
删除成功
删除成功
删除成功
删除成功
删除成功
删除成功
删除成功
删除成功
删除成功
删除成功
删除成功
删除成功
删除成功
删除成功
删除成功
删除成功
删除成功
删除成功
删除成功
删除成功
删除成功
删除成功
删除成功
删除成功
删除成功
删除成功
删除成功
删除成功
删除成功
删除成功
删除成功
删除成功
删除成功
删除成功
删除成功
删除成功
删除成功
删除成功
删除成功
删除成功
删除成功
删除成功
删除成功
删除成功
删除成功
删除成功
删除成功
删除成功
删除成功
删除成功
删除成功
删除成功
删除成功
删除成功
删除成功
删除成功
删除成功
删除成功
删除成功
删除成功
删除成功
删除成功
删除成功
删除成功
删除成功
删除成功
删除成功
删除成功
删除成功
删除成功
删除成功
删除成功
删除成功
删除成功
删除成功
删除成功
删除成功
删除成功
删除成功
删除成功
删除成功
删除成功
删除成功
删除成功
删除成功
删除成功
删除成功
删除成功
删除成功
删除成功
删除成功
删除成功
删除成功
删除成功
删除成功
删除成功
删除成功
删除成功
删除成功
删除成功
删除成功
删除成功
删除成功
删除成功
删除成功
删除成功
删除成功
删除成功
删除成功
删除成功
删除成功
删除成功
删除成功
删除成功
删除成功
删除成功
删除成功
删除成功
删除成功
删除成功
删除成功
删除成功
删除成功
删除成功
删除成功
删除成功
删除成功
删除成功
删除成功
删除成功
删除成功
删除成功
删除成功
删除成功
删除成功
删除成功
删除成功
删除成功
删除成功
删除成功
删除成功
删除成功
删除成功
删除成功
删除成功
删除成功
删除成功
删除成功
删除成功
删除成功
删除成功
删除成功
删除成功
删除成功
删除成功
删除成功
删除成功
删除成功
删除成功
删除成功
删除成功
删除成功
删除成功
删除成功
删除成功
删除成功
删除成功
删除成功
删除成功
删除成功
删除成功
删除成功
删除成功
删除成功
删除成功
删除成功
删除成功
删除成功
删除成功
删除成功
删除成功
删除成功
删除成功
删除成功
删除成功
删除成功
删除成功
删除成功
删除成功
删除成功
删除成功
删除成功
删除成功
删除成功
删除成功
删除成功
删除成功
删除成功
删除成功
删除成功
删除成功
删除成功
删除成功
删除成功
删除成功
删除成功
删除成功
删除成功
删除成功
删除成功
删除成功
删除成功
删除成功
删除成功
删除成功
删除成功
删除成功
删除成功
删除成功
删除成功
删除成功
删除成功
删除成功
删除成功
删除成功
删除成功
删除成功
删除成功
删除成功
删除成功
删除成功
删除成功
删除成功
删除成功
删除成功
删除成功
删除成功
删除成功
删除成功
删除成功
删除成功
删除成功
删除成功
删除成功
删除成功
删除成功
删除成功
删除成功
删除成功
删除成功
删除成功
删除成功
删除成功
删除成功
删除成功
删除成功
删除成功
删除成功
删除成功
删除成功
删除成功
删除成功
删除成功
删除成功
删除成功
删除成功
删除成功
删除成功
删除成功
删除成功
删除成功
删除成功
删除成功
删除成功
删除成功
删除成功
删除成功
删除成功
删除成功
删除成功
删除成功
删除成功
删除成功
删除成功
删除成功
删除成功
删除成功
删除成功
删除成功
删除成功
删除成功
删除成功
删除成功
删除成功
删除成功
删除成功
删除成功
删除成功
删除成功
删除成功
删除成功
删除成功
删除成功
删除成功
删除成功
删除成功
删除成功
删除成功
删除成功
删除成功
删除成功
删除成功
删除成功
删除成功
删除成功
删除成功
删除成功
删除成功
删除成功
删除成功
删除成功
删除成功
删除成功
删除成功
删除成功
删除成功
删除成功
删除成功
删除成功
删除成功
删除成功
删除成功
删除成功
删除成功
删除成功
删除成功
删除成功
删除成功
删除成功
删除成功
删除成功
删除成功
删除成功
删除成功
删除成功
删除成功
删除成功
删除成功
删除成功
删除成功
删除成功
删除成功
删除成功
删除成功
删除成功
删除成功
删除成功
删除成功
删除成功
删除成功
删除成功
删除成功
删除成功
删除成功
删除成功
删除成功
删除成功
删除成功
删除成功
删除成功
删除成功
删除成功
删除成功
删除成功
删除成功
删除成功
删除成功
删除成功
删除成功
删除成功
删除成功
删除成功
删除成功
删除成功
删除成功
删除成功
删除成功
删除成功
删除成功
删除成功
删除成功
删除成功
删除成功
删除成功
删除成功
删除成功
删除成功
删除成功
删除成功
删除成功
删除成功
删除成功
删除成功
删除成功
删除成功
删除成功
删除成功
删除成功
删除成功
删除成功
删除成功
删除成功
删除成功
删除成功
删除成功
删除成功
删除成功
删除成功
删除成功
删除成功
删除成功
删除成功
删除成功
删除成功
删除成功
删除成功
删除成功
删除成功
删除成功
删除成功
删除成功
删除成功
删除成功
删除成功
删除成功
删除成功
删除成功
删除成功
删除成功
删除成功
删除成功
删除成功
删除成功
删除成功
删除成功
删除成功
删除成功
删除成功
删除成功
删除成功
删除成功
删除成功
删除成功
删除成功
删除成功
删除成功
删除成功
删除成功
删除成功
删除成功
删除成功
删除成功
删除成功
删除成功
删除成功
删除成功
删除成功
删除成功
删除成功
删除成功
删除成功
删除成功
删除成功
删除成功
删除成功
删除成功
删除成功
删除成功
删除成功
删除成功
删除成功
删除成功
删除成功
删除成功
删除成功
删除成功
删除成功
删除成功
删除成功
删除成功
删除成功
删除成功
删除成功
删除成功
删除成功
删除成功
删除成功
删除成功
删除成功
删除成功
删除成功
删除成功
删除成功
删除成功
删除成功
删除成功
删除成功
删除成功
删除成功
删除成功
删除成功
删除成功
删除成功
删除成功
删除成功
删除成功
删除成功
删除成功
删除成功
删除成功
删除成功
删除成功
删除成功
删除成功
删除成功
删除成功
删除成功
删除成功
删除成功
删除成功
删除成功
删除成功
删除成功
删除成功
删除成功
删除成功
删除成功
删除成功
删除成功
删除成功
删除成功
删除成功
删除成功
删除成功
删除成功
删除成功
删除成功
删除成功
删除成功
删除成功
删除成功
删除成功
删除成功
删除成功
删除成功
删除成功
删除成功
删除成功
删除成功
删除成功
删除成功
删除成功
删除成功
删除成功
删除成功
删除成功
删除成功
删除成功
删除成功
删除成功
删除成功
删除成功
删除成功
删除成功
删除成功
删除成功
删除成功
删除成功
删除成功
删除成功
删除成功
删除成功
删除成功
删除成功
删除成功
删除成功
删除成功
删除成功
删除成功
删除成功
删除成功
删除成功
删除成功
删除成功
删除成功
删除成功
删除成功
删除成功
删除成功
删除成功
删除成功
删除成功
删除成功
删除成功
删除成功
删除成功
删除成功
删除成功
删除成功
删除成功
删除成功
删除成功
删除成功
删除成功
删除成功
删除成功
删除成功
删除成功
删除成功
删除成功
删除成功
删除成功
删除成功
删除成功
删除成功
删除成功
删除成功
删除成功
删除成功
删除成功
删除成功
删除成功
删除成功
删除成功
删除成功
删除成功
删除成功
删除成功
删除成功
删除成功
删除成功
删除成功
删除成功
删除成功
删除成功
删除成功
删除成功
删除成功
删除成功
删除成功
删除成功
删除成功
删除成功
删除成功
删除成功
删除成功
删除成功
删除成功
删除成功
删除成功
删除成功
删除成功
删除成功
删除成功
删除成功
删除成功
删除成功
删除成功
删除成功
删除成功
删除成功
删除成功
删除成功
删除成功
删除成功
删除成功
删除成功
删除成功
删除成功
删除成功
删除成功
删除成功
删除成功
删除成功
删除成功
删除成功
删除成功
删除成功
删除成功
删除成功
删除成功
删除成功
删除成功
删除成功
删除成功
删除成功
删除成功
删除成功
删除成功
删除成功
删除成功
删除成功
删除成功
删除成功
删除成功
删除成功
删除成功
删除成功
删除成功
删除成功
删除成功
删除成功
删除成功
删除成功
删除成功
删除成功
删除成功
删除成功
删除成功
删除成功
删除成功
删除成功
删除成功
删除成功
删除成功
删除成功
删除成功
删除成功
删除成功
删除成功
删除成功
删除成功
删除成功
删除成功
删除成功
删除成功
删除成功
删除成功
删除成功
删除成功
删除成功
删除成功
删除成功
删除成功
删除成功
删除成功
删除成功
删除成功
删除成功
删除成功
删除成功
删除成功
删除成功
删除成功
删除成功
删除成功
删除成功
删除成功
删除成功
删除成功
删除成功
删除成功
删除成功
删除成功
删除成功
删除成功
删除成功
删除成功
删除成功
删除成功
删除成功
删除成功
删除成功
删除成功
删除成功
删除成功
删除成功
删除成功
删除成功
删除成功
删除成功
删除成功
删除成功
删除成功
删除成功
删除成功
删除成功
删除成功
删除成功
删除成功
删除成功
删除成功
删除成功
删除成功
删除成功
删除成功
删除成功
删除成功
删除成功
删除成功
删除成功
删除成功
删除成功
删除成功
删除成功
删除成功
删除成功
删除成功
删除成功
删除成功
删除成功
删除成功
删除成功
删除成功
删除成功
删除成功
删除成功
删除成功
删除成功
删除成功
删除成功
删除成功
删除成功
删除成功
删除成功
删除成功
删除成功
删除成功
删除成功
删除成功
删除成功
删除成功
删除成功
删除成功
删除成功
删除成功
删除成功
删除成功
删除成功
删除成功
删除成功
删除成功
删除成功
删除成功
删除成功
删除成功
删除成功
删除成功
删除成功
删除成功
删除成功
删除成功
删除成功
删除成功
删除成功
删除成功
删除成功
删除成功
删除成功
删除成功
删除成功
删除成功
删除成功
删除成功
删除成功
删除成功
删除成功
删除成功
删除成功
删除成功
删除成功
删除成功
删除成功
删除成功
删除成功
删除成功
删除成功
删除成功
删除成功
删除成功
删除成功
删除成功
删除成功
删除成功
删除成功
删除成功
删除成功
删除成功
删除成功
删除成功
删除成功
删除成功
删除成功
删除成功
删除成功
删除成功
删除成功
删除成功
删除成功
删除成功
删除成功
删除成功
删除成功
删除成功
删除成功
删除成功
删除成功
删除成功
删除成功
删除成功
删除成功
删除成功
删除成功
删除成功
删除成功
删除成功
删除成功
删除成功
删除成功
删除成功
删除成功
删除成功
删除成功
删除成功
删除成功
删除成功
删除成功
删除成功
删除成功
删除成功
删除成功
删除成功
删除成功
删除成功
删除成功
删除成功
删除成功
删除成功
删除成功
删除成功
删除成功
删除成功
删除成功
删除成功
删除成功
删除成功
删除成功
删除成功
删除成功
删除成功
删除成功
删除成功
删除成功
删除成功
删除成功
删除成功
删除成功
删除成功
删除成功
删除成功
删除成功
删除成功
删除成功
删除成功
删除成功
删除成功
删除成功
删除成功
删除成功
删除成功
删除成功
删除成功
删除成功
删除成功
删除成功
删除成功
删除成功
删除成功
删除成功
删除成功
删除成功
删除成功
删除成功
删除成功
删除成功
删除成功
删除成功
删除成功
删除成功
删除成功
删除成功
删除成功
删除成功
删除成功
删除成功
删除成功
删除成功
删除成功
删除成功
删除成功
删除成功
删除成功
删除成功
删除成功
删除成功
删除成功
删除成功
删除成功
删除成功
删除成功
删除成功
删除成功
删除成功
删除成功
删除成功
删除成功
删除成功
删除成功
删除成功
删除成功
删除成功
删除成功
删除成功
删除成功
删除成功
删除成功
删除成功
删除成功
删除成功
删除成功
删除成功
删除成功
删除成功
删除成功
删除成功
删除成功
删除成功
删除成功
删除成功
删除成功
删除成功
删除成功
删除成功
删除成功
删除成功
删除成功
删除成功
删除成功
删除成功
删除成功
删除成功
删除成功
删除成功
删除成功
删除成功
删除成功
删除成功
删除成功
删除成功
删除成功
删除成功
删除成功
删除成功
删除成功
删除成功
删除成功
删除成功
删除成功
删除成功
删除成功
删除成功
删除成功
删除成功
删除成功
删除成功
删除成功
删除成功
删除成功
删除成功
删除成功
删除成功
删除成功
删除成功
删除成功
删除成功
删除成功
删除成功
删除成功
删除成功
删除成功
删除成功
删除成功
删除成功
删除成功
删除成功
删除成功
删除成功
删除成功
删除成功
删除成功
删除成功
删除成功
删除成功
删除成功
删除成功
删除成功
删除成功
删除成功
删除成功
删除成功
删除成功
删除成功
删除成功
删除成功
删除成功
删除成功
删除成功
删除成功
删除成功
删除成功
删除成功
删除成功
删除成功
删除成功
删除成功
删除成功
删除成功
删除成功
删除成功
删除成功
删除成功
删除成功
删除成功
删除成功
删除成功
删除成功
删除成功
删除成功
删除成功
删除成功
删除成功
删除成功
删除成功
删除成功
删除成功
删除成功
删除成功
删除成功
删除成功
删除成功
删除成功
删除成功
删除成功
删除成功
删除成功
删除成功
删除成功
删除成功
删除成功
删除成功
删除成功
删除成功
删除成功
删除成功
删除成功
删除成功
删除成功
删除成功
删除成功
删除成功
删除成功
删除成功
删除成功
删除成功
删除成功
删除成功
删除成功
删除成功
删除成功
删除成功
删除成功
删除成功
删除成功
删除成功
删除成功
删除成功
删除成功
删除成功
删除成功
删除成功
删除成功
删除成功
删除成功
删除成功
删除成功
删除成功
删除成功
删除成功
删除成功
删除成功
删除成功
删除成功
删除成功
删除成功
删除成功
删除成功
删除成功
删除成功
删除成功
删除成功
删除成功
删除成功
删除成功
删除成功
删除成功
删除成功
删除成功
删除成功
删除成功
删除成功
删除成功
删除成功
删除成功
删除成功
删除成功
删除成功
删除成功
删除成功
删除成功
删除成功
删除成功
删除成功
删除成功
删除成功
删除成功
删除成功
删除成功
删除成功
删除成功
删除成功
删除成功
删除成功
删除成功
删除成功
删除成功
删除成功
删除成功
删除成功
删除成功
删除成功
删除成功
删除成功
删除成功
删除成功
删除成功
删除成功
删除成功
删除成功
删除成功
删除成功
删除成功
删除成功
删除成功
删除成功
删除成功
删除成功
删除成功
删除成功
删除成功
删除成功
删除成功
删除成功
删除成功
删除成功
删除成功
删除成功
删除成功
删除成功
删除成功
删除成功
删除成功
删除成功
删除成功
删除成功
删除成功
删除成功
删除成功
删除成功
删除成功
删除成功
删除成功
删除成功
删除成功
删除成功
删除成功
删除成功
删除成功
删除成功
删除成功
删除成功
删除成功
删除成功
s{ fileList: [],
  _id: 5fe9cc413e19244b200d5aec,
  name: '358.zip',
  uid: '7e163dfa-d4cf-4ff5-9a88-8459a5748e11',
  date: 2020-12-28T12:14:00.000Z,
  path:
   '/data/dataSource/7e163dfa-d4cf-4ff5-9a88-8459a5748e11/358.zip',
  singleFileName: '358.zip',
  __v: 0 }
删除成功
删除成功
删除成功
删除成功
删除成功
删除成功
删除成功
删除成功
删除成功
删除成功
删除成功
删除成功
删除成功
删除成功
删除成功
删除成功
删除成功
删除成功
删除成功
删除成功
删除成功
删除成功
删除成功
删除成功
删除成功
删除成功
删除成功
删除成功
删除成功
删除成功
删除成功
删除成功
删除成功
删除成功
删除成功
删除成功
删除成功
删除成功
删除成功
删除成功
删除成功
删除成功
删除成功
删除成功
删除成功
删除成功
删除成功
删除成功
删除成功
删除成功
删除成功
删除成功
删除成功
删除成功
删除成功
删除成功
删除成功
删除成功
删除成功
删除成功
删除成功
删除成功
删除成功
删除成功
删除成功
删除成功
删除成功
删除成功
删除成功
删除成功
删除成功
删除成功
删除成功
删除成功
删除成功
删除成功
删除成功
删除成功
删除成功
删除成功
删除成功
删除成功
删除成功
删除成功
删除成功
删除成功
删除成功
删除成功
删除成功
删除成功
删除成功
删除成功
删除成功
删除成功
删除成功
删除成功
删除成功
删除成功
删除成功
删除成功
删除成功
删除成功
删除成功
删除成功
删除成功
删除成功
删除成功
删除成功
删除成功
删除成功
删除成功
删除成功
删除成功
删除成功
删除成功
删除成功
删除成功
删除成功
删除成功
删除成功
删除成功
删除成功
删除成功
删除成功
删除成功
删除成功
删除成功
删除成功
删除成功
删除成功
删除成功
删除成功
删除成功
删除成功
删除成功
删除成功
删除成功
删除成功
删除成功
删除成功
删除成功
删除成功
删除成功
删除成功
删除成功
删除成功
删除成功
删除成功
删除成功
删除成功
删除成功
删除成功
删除成功
删除成功
删除成功
删除成功
删除成功
删除成功
删除成功
删除成功
删除成功
删除成功
删除成功
删除成功
删除成功
删除成功
删除成功
删除成功
删除成功
删除成功
删除成功
删除成功
删除成功
s{ fileList: [],
  _id: 5fe9d6353e19244b200d5aed,
  name: '358.zip',
  uid: 'd5115f2f-7f82-4e78-94d4-c8fcae4877de',
  date: 2020-12-28T12:57:00.000Z,
  path:
   '/data/dataSource/d5115f2f-7f82-4e78-94d4-c8fcae4877de/358.zip',
  singleFileName: '358.zip',
  __v: 0 }
删除成功
删除成功
删除成功
删除成功
删除成功
删除成功
删除成功
删除成功
删除成功
删除成功
删除成功
删除成功
删除成功
删除成功
删除成功
删除成功
删除成功
删除成功
删除成功
删除成功
删除成功
删除成功
删除成功
删除成功
删除成功
删除成功
删除成功
删除成功
删除成功
删除成功
删除成功
删除成功
删除成功
删除成功
删除成功
删除成功
删除成功
删除成功
删除成功
删除成功
删除成功
删除成功
删除成功
删除成功
删除成功
删除成功
删除成功
删除成功
删除成功
删除成功
删除成功
删除成功
删除成功
删除成功
删除成功
删除成功
删除成功
删除成功
删除成功
删除成功
删除成功
删除成功
删除成功
删除成功
删除成功
删除成功
删除成功
删除成功
删除成功
删除成功
删除成功
删除成功
删除成功
删除成功
删除成功
删除成功
删除成功
删除成功
删除成功
删除成功
删除成功
删除成功
删除成功
删除成功
删除成功
删除成功
删除成功
删除成功
删除成功
删除成功
删除成功
删除成功
删除成功
删除成功
删除成功
删除成功
删除成功
删除成功
删除成功
删除成功
删除成功
删除成功
删除成功
删除成功
删除成功
删除成功
删除成功
删除成功
删除成功
删除成功
删除成功
删除成功
删除成功
删除成功
删除成功
删除成功
删除成功
删除成功
删除成功
删除成功
删除成功
删除成功
删除成功
删除成功
删除成功
删除成功
删除成功
删除成功
删除成功
删除成功
删除成功
删除成功
删除成功
删除成功
删除成功
删除成功
删除成功
删除成功
删除成功
删除成功
删除成功
删除成功
删除成功
删除成功
删除成功
删除成功
删除成功
删除成功
删除成功
删除成功
删除成功
删除成功
删除成功
删除成功
删除成功
删除成功
删除成功
删除成功
删除成功
删除成功
删除成功
删除成功
删除成功
删除成功
删除成功
删除成功
删除成功
删除成功
删除成功
删除成功
删除成功
删除成功
删除成功
删除成功
删除成功
删除成功
删除成功
删除成功
删除成功
删除成功
删除成功
删除成功
删除成功
删除成功
删除成功
删除成功
删除成功
删除成功
删除成功
删除成功
删除成功
删除成功
删除成功
删除成功
删除成功
删除成功
删除成功
删除成功
删除成功
删除成功
删除成功
删除成功
删除成功
删除成功
删除成功
删除成功
删除成功
删除成功
删除成功
删除成功
删除成功
删除成功
删除成功
删除成功
删除成功
删除成功
删除成功
删除成功
删除成功
删除成功
删除成功
删除成功
删除成功
删除成功
删除成功
删除成功
删除成功
删除成功
删除成功
删除成功
删除成功
删除成功
删除成功
删除成功
删除成功
删除成功
删除成功
删除成功
删除成功
删除成功
删除成功
删除成功
删除成功
删除成功
删除成功
删除成功
删除成功
删除成功
删除成功
删除成功
删除成功
删除成功
删除成功
删除成功
删除成功
删除成功
删除成功
删除成功
删除成功
删除成功
删除成功
删除成功
删除成功
删除成功
删除成功
删除成功
删除成功
删除成功
删除成功
删除成功
删除成功
删除成功
删除成功
删除成功
删除成功
删除成功
删除成功
删除成功
删除成功
删除成功
删除成功
删除成功
删除成功
删除成功
删除成功
删除成功
删除成功
删除成功
删除成功
删除成功
删除成功
删除成功
删除成功
删除成功
删除成功
删除成功
删除成功
删除成功
删除成功
删除成功
删除成功
删除成功
删除成功
删除成功
删除成功
删除成功
删除成功
删除成功
删除成功
删除成功
删除成功
删除成功
删除成功
删除成功
删除成功
删除成功
删除成功
删除成功
删除成功
删除成功
删除成功
删除成功
删除成功
删除成功
删除成功
删除成功
删除成功
删除成功
删除成功
删除成功
删除成功
删除成功
删除成功
删除成功
删除成功
删除成功
删除成功
删除成功
删除成功
删除成功
删除成功
删除成功
删除成功
删除成功
删除成功
删除成功
s{ fileList: [],
  _id: 5fe9d8063e19244b200d5aef,
  name: '358.zip',
  uid: '1878b427-2fd8-42f6-afb2-7787fefb3552',
  date: 2020-12-28T13:05:00.000Z,
  path:
   '/data/dataSource/1878b427-2fd8-42f6-afb2-7787fefb3552/358.zip',
  singleFileName: '358.zip',
  __v: 0 }
hello world
hello world
ogmsdata
re.dbf
ogmsdata
re.shp
ogmsdata
re.shx
ogmsdata
config.udxcfg
data type: id [ 'config.udxcfg', 're.dbf', 're.shp', 're.shx' ]
s{ fileList:
   [ '/data/dataSource/5dbd3be4-8b7e-49fb-bdda-b23a64dfbcca/5dbd3be4-8b7e-49fb-bdda-b23a64dfbcca.zip' ],
  _id: 5fe9ffac3e19244b200d5af0,
  uid: '5dbd3be4-8b7e-49fb-bdda-b23a64dfbcca',
  name: 'localpcs',
  origination: 'distributedContainer',
  serverNode: 'china',
  userId: 'localpcs',
  date: 2020-12-28T15:54:00.000Z,
  path: '/data/dataSource/5dbd3be4-8b7e-49fb-bdda-b23a64dfbcca',
  type: 'template',
  dataTemplateId: '4996e027-209b-4121-907b-1ed36a417d22',
  __v: 0 }
ogmsdata
re.dbf
ogmsdata
re.shp
ogmsdata
re.shx
ogmsdata
config.udxcfg
data type: id [ 'config.udxcfg', 're.dbf', 're.shp', 're.shx' ]
s{ fileList:
   [ '/data/dataSource/c505a868-a23d-4842-af37-34b7a516b966/c505a868-a23d-4842-af37-34b7a516b966.zip' ],
  _id: 5feab0da3e19244b200d5af1,
  uid: 'c505a868-a23d-4842-af37-34b7a516b966',
  name: 'POMaXlYttteoEeV7GrO8Ww==',
  origination: 'distributedContainer',
  serverNode: 'china',
  userId: 'POMaXlYttteoEeV7GrO8Ww==',
  date: 2020-12-29T04:30:00.000Z,
  path: '/data/dataSource/c505a868-a23d-4842-af37-34b7a516b966',
  type: 'template',
  dataTemplateId: '4996e027-209b-4121-907b-1ed36a417d22',
  __v: 0 }
ogmsdata
result.png
ogmsdata
config.udxcfg
data type: id [ 'config.udxcfg', 'result.png' ]
config path /data/dataSource/8aac3294-4780-4291-81b5-706311f87474/config.udxcfg
s{ fileList:
   [ '/data/dataSource/8aac3294-4780-4291-81b5-706311f87474/result.png' ],
  _id: 5feab2043e19244b200d5af2,
  uid: '8aac3294-4780-4291-81b5-706311f87474',
  name: 'localpcs',
  origination: 'distributedContainer',
  serverNode: 'china',
  userId: 'localpcs',
  date: 2020-12-29T04:35:00.000Z,
  path: '/data/dataSource/8aac3294-4780-4291-81b5-706311f87474',
  type: 'template',
  singleFileName: 'result.png',
  dataTemplateId: '4996e027-209b-4121-907b-1ed36a417d22',
  __v: 0 }
hello world
ogmsdata
re.dbf
ogmsdata
re.shp
ogmsdata
config.udxcfg
ogmsdata
re.shx
data type: id [ 'config.udxcfg', 're.dbf', 're.shp', 're.shx' ]
s{ fileList:
   [ '/data/dataSource/846f9a4a-87e7-429c-b1ca-6b314d64400d/846f9a4a-87e7-429c-b1ca-6b314d64400d.zip' ],
  _id: 5feada593e19244b200d5af3,
  uid: '846f9a4a-87e7-429c-b1ca-6b314d64400d',
  name: 'localpcs',
  origination: 'distributedContainer',
  serverNode: 'china',
  userId: 'localpcs',
  date: 2020-12-29T07:27:00.000Z,
  path: '/data/dataSource/846f9a4a-87e7-429c-b1ca-6b314d64400d',
  type: 'template',
  dataTemplateId: '4996e027-209b-4121-907b-1ed36a417d22',
  __v: 0 }
ogmsdata
re.dbf
ogmsdata
re.shp
ogmsdata
config.udxcfg
ogmsdata
re.shx
data type: id [ 'config.udxcfg', 're.dbf', 're.shp', 're.shx' ]
s{ fileList:
   [ '/data/dataSource/703ceba4-e88a-4f9a-83ff-256b797d11cb/703ceba4-e88a-4f9a-83ff-256b797d11cb.zip' ],
  _id: 5feadb723e19244b200d5af4,
  uid: '703ceba4-e88a-4f9a-83ff-256b797d11cb',
  name: 'POMaXlYttteoEeV7GrO8Ww==',
  origination: 'distributedContainer',
  serverNode: 'china',
  userId: 'POMaXlYttteoEeV7GrO8Ww==',
  date: 2020-12-29T07:32:00.000Z,
  path: '/data/dataSource/703ceba4-e88a-4f9a-83ff-256b797d11cb',
  type: 'template',
  dataTemplateId: '4996e027-209b-4121-907b-1ed36a417d22',
  __v: 0 }
ogmsdata
re.dbf
ogmsdata
re.shp
ogmsdata
config.udxcfg
ogmsdata
re.shx
data type: id [ 'config.udxcfg', 're.dbf', 're.shp', 're.shx' ]
ogmsdata
result.png
ogmsdata
config.udxcfg
data type: id [ 'config.udxcfg', 'result.png' ]
config path /data/dataSource/59521d7b-fb7b-4e41-b0ce-db8f20b2b282/config.udxcfg
s{ fileList:
   [ '/data/dataSource/59521d7b-fb7b-4e41-b0ce-db8f20b2b282/result.png' ],
  _id: 5feadc063e19244b200d5af6,
  uid: '59521d7b-fb7b-4e41-b0ce-db8f20b2b282',
  name: 'fcky/35Rezr+Kyazr8SRWA==',
  origination: 'distributedContainer',
  serverNode: 'china',
  userId: 'fcky/35Rezr+Kyazr8SRWA==',
  date: 2020-12-29T07:34:00.000Z,
  path: '/data/dataSource/59521d7b-fb7b-4e41-b0ce-db8f20b2b282',
  type: 'template',
  singleFileName: 'result.png',
  dataTemplateId: '4996e027-209b-4121-907b-1ed36a417d22',
  __v: 0 }
ogmsdata
config.udxcfg
ogmsdata
uTorrent.exe
schema
schema 2
s{ fileList:
   [ '/data/dataSource/8e4256d3-5cc4-4246-9bf4-48d93451362c/uTorrent.exe' ],
  _id: 5feaefa03e19244b200d5af7,
  uid: '8e4256d3-5cc4-4246-9bf4-48d93451362c',
  name: 'Programming template',
  origination: 'developer',
  serverNode: 'china',
  userId: '1',
  date: 2020-12-29T08:58:00.000Z,
  path: '/data/dataSource/8e4256d3-5cc4-4246-9bf4-48d93451362c',
  type: 'schema',
  dataTemplate:
   '<?xml version="1.0" encoding="UTF-8" standalone="yes"?>\n<UdxDeclaration>&#xD;\n\t\tsdsd&#xD;\n\t\t </UdxDeclaration>',
  singleFileName: 'uTorrent.exe',
  __v: 0 }
s{ fileList:
   [ '/data/dataSource/8e4256d3-5cc4-4246-9bf4-48d93451362c/uTorrent.exe' ],
  _id: 5feaefa03e19244b200d5af7,
  uid: '8e4256d3-5cc4-4246-9bf4-48d93451362c',
  name: 'Programming template',
  origination: 'developer',
  serverNode: 'china',
  userId: '1',
  date: 2020-12-29T08:58:00.000Z,
  path: '/data/dataSource/8e4256d3-5cc4-4246-9bf4-48d93451362c',
  type: 'schema',
  dataTemplate:
   '<?xml version="1.0" encoding="UTF-8" standalone="yes"?>\n<UdxDeclaration>&#xD;\n\t\tsdsd&#xD;\n\t\t </UdxDeclaration>',
  singleFileName: 'uTorrent.exe',
  __v: 0 }
ogmsdata
re.dbf
ogmsdata
re.shp
ogmsdata
config.udxcfg
ogmsdata
re.shx
data type: id [ 'config.udxcfg', 're.dbf', 're.shp', 're.shx' ]
s{ fileList:
   [ '/data/dataSource/df8530f9-0d9e-43ab-ab04-020d6bb7f4dc/df8530f9-0d9e-43ab-ab04-020d6bb7f4dc.zip' ],
  _id: 5feb48ca3e19244b200d5af8,
  uid: 'df8530f9-0d9e-43ab-ab04-020d6bb7f4dc',
  name: 'POMaXlYttteoEeV7GrO8Ww==',
  origination: 'distributedContainer',
  serverNode: 'china',
  userId: 'POMaXlYttteoEeV7GrO8Ww==',
  date: 2020-12-29T15:18:00.000Z,
  path: '/data/dataSource/df8530f9-0d9e-43ab-ab04-020d6bb7f4dc',
  type: 'template',
  dataTemplateId: '4996e027-209b-4121-907b-1ed36a417d22',
  __v: 0 }
snull
8899
5289
server online
db connected
ogmsdata
re.dbf
ogmsdata
re.shp
ogmsdata
re.shx
ogmsdata
config.udxcfg
data type: id [ 'config.udxcfg', 're.dbf', 're.shp', 're.shx' ]
ogmsdata
re.dbf
ogmsdata
re.shp
ogmsdata
re.shx
ogmsdata
config.udxcfg
data type: id [ 'config.udxcfg', 're.dbf', 're.shp', 're.shx' ]
ogmsdata
re.dbf
ogmsdata
re.shp
ogmsdata
re.shx
ogmsdata
config.udxcfg
data type: id [ 'config.udxcfg', 're.dbf', 're.shp', 're.shx' ]
s{ fileList:
   [ '/data/dataSource/b020e451-a36c-4d1a-892a-038e7f46774f/b020e451-a36c-4d1a-892a-038e7f46774f.zip' ],
  _id: 5fec824f5425f414a981dfac,
  uid: 'b020e451-a36c-4d1a-892a-038e7f46774f',
  name: 'localpcs',
  origination: 'distributedContainer',
  serverNode: 'china',
  userId: 'localpcs',
  date: 2020-12-30T13:36:00.000Z,
  path: '/data/dataSource/b020e451-a36c-4d1a-892a-038e7f46774f',
  type: 'template',
  dataTemplateId: '4996e027-209b-4121-907b-1ed36a417d22',
  __v: 0 }
ogmsdata
re.dbf
ogmsdata
re.shp
ogmsdata
re.shx
ogmsdata
config.udxcfg
data type: id [ 'config.udxcfg', 're.dbf', 're.shp', 're.shx' ]
s{ fileList:
   [ '/data/dataSource/32c52947-7541-4022-a8c7-b5197f85c460/32c52947-7541-4022-a8c7-b5197f85c460.zip' ],
  _id: 5fec82a05425f414a981dfad,
  uid: '32c52947-7541-4022-a8c7-b5197f85c460',
  name: 'test',
  origination: 'distributedContainer',
  serverNode: 'china',
  userId: 'fcky%2F35Rezr%2BKyazr8SRWA%3D%3D',
  date: 2020-12-30T13:37:00.000Z,
  path: '/data/dataSource/32c52947-7541-4022-a8c7-b5197f85c460',
  type: 'template',
  dataTemplateId: '4996e027-209b-4121-907b-1ed36a417d22',
  __v: 0 }
{ fileList:
   [ '/data/dataSource/d7e37702-6df5-4acf-b71a-91f2457947bc/simulation0-Result_Write1.csv' ],
  _id: 5faf88d90634bb5de4f66a99,
  uid: 'd7e37702-6df5-4acf-b71a-91f2457947bc',
  name: 'csv',
  origination: 'portal',
  serverNode: 'china',
  userId: 'njgis',
  date: 2020-11-14T07:35:00.000Z,
  path: '/data/dataSource/d7e37702-6df5-4acf-b71a-91f2457947bc',
  type: 'none',
  singleFileName: 'simulation0-Result_Write1.csv',
  __v: 0 }
s{ fileList:
   [ '/data/dataSource/d7e37702-6df5-4acf-b71a-91f2457947bc/simulation0-Result_Write1.csv' ],
  _id: 5faf88d90634bb5de4f66a99,
  uid: 'd7e37702-6df5-4acf-b71a-91f2457947bc',
  name: 'csv',
  origination: 'portal',
  serverNode: 'china',
  userId: 'njgis',
  date: 2020-11-14T07:35:00.000Z,
  path: '/data/dataSource/d7e37702-6df5-4acf-b71a-91f2457947bc',
  type: 'none',
  singleFileName: 'simulation0-Result_Write1.csv',
  __v: 0 }
hello world
snull
8899
22384
server online
db connected
ogmsdata
re.dbf
ogmsdata
re.shp
ogmsdata
re.shx
ogmsdata
config.udxcfg
data type: id [ 'config.udxcfg', 're.dbf', 're.shp', 're.shx' ]
ogmsdata
re.dbf
ogmsdata
re.shp
ogmsdata
re.shx
ogmsdata
config.udxcfg
data type: id [ 'config.udxcfg', 're.dbf', 're.shp', 're.shx' ]
ogmsdata
re.dbf
ogmsdata
re.shp
ogmsdata
re.shx
ogmsdata
config.udxcfg
data type: id [ 'config.udxcfg', 're.dbf', 're.shp', 're.shx' ]
s{ fileList:
   [ '/data/dataSource/a40b6220-fad0-4f43-9e90-d32a5c0c93bf/a40b6220-fad0-4f43-9e90-d32a5c0c93bf.zip' ],
  _id: 5fed7682135a3357704c0536,
  uid: 'a40b6220-fad0-4f43-9e90-d32a5c0c93bf',
  name: 'test',
  origination: 'distributedContainer',
  serverNode: 'china',
  userId: 'fcky%2F35Rezr%2BKyazr8SRWA%3D%3D',
  date: 2020-12-31T06:58:00.000Z,
  path: '/data/dataSource/a40b6220-fad0-4f43-9e90-d32a5c0c93bf',
  type: 'template',
  dataTemplateId: '4996e027-209b-4121-907b-1ed36a417d22',
  __v: 0 }
ogmsdata
re.dbf
ogmsdata
re.shp
ogmsdata
re.shx
ogmsdata
config.udxcfg
data type: id [ 'config.udxcfg', 're.dbf', 're.shp', 're.shx' ]
ogmsdata
re.dbf
ogmsdata
re.shp
ogmsdata
re.shx
ogmsdata
config.udxcfg
data type: id [ 'config.udxcfg', 're.dbf', 're.shp', 're.shx' ]
ogmsdata
re.dbf
ogmsdata
re.shp
ogmsdata
re.shx
ogmsdata
config.udxcfg
data type: id [ 'config.udxcfg', 're.dbf', 're.shp', 're.shx' ]
ogmsdata
re.dbf
ogmsdata
re.shp
ogmsdata
re.shx
ogmsdata
config.udxcfg
data type: id [ 'config.udxcfg', 're.dbf', 're.shp', 're.shx' ]
ogmsdata
re.dbf
ogmsdata
re.shp
ogmsdata
re.shx
ogmsdata
config.udxcfg
data type: id [ 'config.udxcfg', 're.dbf', 're.shp', 're.shx' ]
hello world
hello world
hello world
snull
8899
22729
server online
db connected
snull
8899
23355
server online
db connected
snull
8899
23976
server online
db connected
snull
8899
24609
server online
db connected
snull
8899
25234
server online
db connected
snull
8899
25874
server online
db connected
snull
8899
26487
server online
db connected
snull
8899
27136
server online
db connected
snull
8899
27777
server online
db connected
snull
8899
28406
server online
db connected
snull
8899
29093
server online
db connected
snull
8899
29722
server online
db connected
snull
8899
30379
server online
db connected
snull
8899
31023
server online
db connected
snull
8899
31658
server online
db connected
snull
8899
32299
server online
db connected
snull
8899
441
server online
db connected
snull
8899
1082
server online
db connected
snull
8899
1702
server online
db connected
snull
8899
2316
server online
db connected
snull
8899
2918
server online
db connected
snull
8899
3521
server online
db connected
snull
8899
4125
server online
db connected
snull
8899
4707
server online
db connected
snull
8899
5303
server online
db connected
snull
8899
5901
server online
db connected
snull
8899
6504
server online
db connected
snull
8899
7103
server online
db connected
snull
8899
7696
server online
db connected
snull
8899
8283
server online
db connected
snull
8899
8885
server online
db connected
snull
8899
9490
server online
db connected
snull
8899
10096
server online
db connected
snull
8899
10748
server online
db connected
snull
8899
11361
server online
db connected
snull
8899
11964
server online
db connected
snull
8899
12559
server online
db connected
snull
8899
13170
server online
db connected
snull
8899
13777
server online
db connected
snull
8899
14416
server online
db connected
snull
8899
15034
server online
db connected
snull
8899
15650
server online
db connected
snull
8899
16265
server online
db connected
snull
8899
16888
server online
db connected
snull
8899
17499
server online
db connected
snull
8899
18130
server online
db connected
snull
8899
18725
server online
db connected
snull
8899
19348
server online
db connected
snull
8899
19958
server online
db connected
snull
8899
20537
server online
db connected
snull
8899
21162
server online
db connected
snull
8899
21752
server online
db connected
snull
8899
22355
server online
db connected
snull
8899
22993
server online
db connected
snull
8899
23623
server online
db connected
snull
8899
24204
server online
db connected
snull
8899
24819
server online
db connected
snull
8899
25416
server online
db connected
snull
8899
26034
server online
db connected
snull
8899
26639
server online
db connected
snull
8899
27228
server online
db connected
snull
8899
27830
server online
db connected
snull
8899
28417
server online
db connected
snull
8899
29069
server online
db connected
snull
8899
29672
server online
db connected
snull
8899
30275
server online
db connected
snull
8899
30854
server online
db connected
snull
8899
31450
server online
db connected
snull
8899
32038
server online
db connected
snull
8899
32653
server online
db connected
snull
8899
795
server online
db connected
snull
8899
1399
server online
db connected
snull
8899
2007
server online
db connected
snull
8899
2593
server online
db connected
snull
8899
3195
server online
db connected
snull
8899
3781
server online
db connected
snull
8899
4391
server online
db connected
snull
8899
5004
server online
db connected
snull
8899
5598
server online
db connected
snull
8899
6175
server online
db connected
snull
8899
6776
server online
db connected
snull
8899
7393
server online
db connected
snull
8899
8027
server online
db connected
snull
8899
8627
server online
db connected
snull
8899
9229
server online
db connected
snull
8899
9828
server online
db connected
snull
8899
10431
server online
db connected
snull
8899
11033
server online
db connected
snull
8899
11661
server online
db connected
snull
8899
12266
server online
db connected
snull
8899
12862
server online
db connected
ogmsdata
result.png
ogmsdata
config.udxcfg
data type: id [ 'config.udxcfg', 'result.png' ]
config path /data/dataSource/32becef3-4153-4a51-8820-7d488e1043d3/config.udxcfg
s{ fileList:
   [ '/data/dataSource/32becef3-4153-4a51-8820-7d488e1043d3/result.png' ],
  _id: 5ff2bc1b78933d323e0d49a6,
  uid: '32becef3-4153-4a51-8820-7d488e1043d3',
  name: 'localpcs',
  origination: 'distributedContainer',
  serverNode: 'china',
  userId: 'localpcs',
  date: 2021-01-04T06:56:00.000Z,
  path: '/data/dataSource/32becef3-4153-4a51-8820-7d488e1043d3',
  type: 'template',
  singleFileName: 'result.png',
  dataTemplateId: '4996e027-209b-4121-907b-1ed36a417d22',
  __v: 0 }
snull
8899
13465
server online
db connected
snull
8899
14059
server online
db connected
snull
8899
14685
server online
db connected
snull
8899
15292
server online
db connected
snull
8899
15890
server online
db connected
snull
8899
16492
server online
db connected
snull
8899
17089
server online
db connected
snull
8899
17701
server online
db connected
snull
8899
18320
server online
db connected
snull
8899
18959
server online
db connected
snull
8899
19612
server online
db connected
snull
8899
20260
server online
db connected
ogmsdata
re.dbf
ogmsdata
re.shp
ogmsdata
re.shx
ogmsdata
config.udxcfg
data type: id [ 'config.udxcfg', 're.dbf', 're.shp', 're.shx' ]
snull
8899
20916
server online
db connected
snull
8899
21575
server online
db connected
snull
8899
22210
server online
db connected
snull
8899
22857
server online
db connected
ogmsdata
re.dbf
ogmsdata
re.shp
ogmsdata
re.shx
ogmsdata
config.udxcfg
data type: id [ 'config.udxcfg', 're.dbf', 're.shp', 're.shx' ]
snull
8899
23493
server online
db connected
snull
8899
24155
server online
db connected
snull
8899
24813
server online
db connected
snull
8899
25445
server online
db connected
snull
8899
26094
server online
db connected
snull
8899
26713
server online
db connected
snull
8899
27380
server online
db connected
ogmsdata
re.dbf
ogmsdata
re.shp
ogmsdata
re.shx
ogmsdata
config.udxcfg
data type: id [ 'config.udxcfg', 're.dbf', 're.shp', 're.shx' ]
snull
8899
28025
server online
db connected
ogmsdata
re.dbf
ogmsdata
re.shp
ogmsdata
re.shx
ogmsdata
config.udxcfg
data type: id [ 'config.udxcfg', 're.dbf', 're.shp', 're.shx' ]
snull
8899
28677
server online
db connected
snull
8899
29342
server online
db connected
snull
8899
29962
server online
db connected
snull
8899
30571
server online
db connected
snull
8899
31180
server online
db connected
snull
8899
31818
server online
db connected
snull
8899
32431
server online
db connected
snull
8899
599
server online
db connected
snull
8899
1244
server online
db connected
snull
8899
1857
server online
db connected
snull
8899
2492
server online
db connected
snull
8899
3141
server online
db connected
snull
8899
3782
server online
db connected
snull
8899
4423
server online
db connected
snull
8899
5072
server online
db connected
snull
8899
5713
server online
db connected
snull
8899
6355
server online
db connected
snull
8899
6998
server online
db connected
snull
8899
7690
server online
db connected
snull
8899
8328
server online
db connected
snull
8899
8988
server online
db connected
snull
8899
9633
server online
db connected
snull
8899
10270
server online
db connected
snull
8899
10888
server online
db connected
snull
8899
11516
server online
db connected
snull
8899
12156
server online
db connected
snull
8899
12786
server online
db connected
snull
8899
13427
server online
db connected
snull
8899
14057
server online
db connected
snull
8899
14679
server online
db connected
snull
8899
15283
server online
db connected
snull
8899
15917
server online
db connected
snull
8899
16539
server online
db connected
snull
8899
17166
server online
db connected
snull
8899
17794
server online
db connected
snull
8899
18440
server online
db connected
snull
8899
19098
server online
db connected
snull
8899
19761
server online
db connected
snull
8899
20471
server online
db connected
snull
8899
21157
server online
db connected
snull
8899
21833
server online
db connected
snull
8899
22488
server online
db connected
snull
8899
23155
server online
db connected
snull
8899
23787
server online
db connected
snull
8899
24448
server online
db connected
snull
8899
25127
server online
db connected
snull
8899
25774
server online
db connected
snull
8899
26444
server online
db connected
snull
8899
27091
server online
db connected
snull
8899
27718
server online
db connected
snull
8899
28328
server online
db connected
snull
8899
28997
server online
db connected
snull
8899
29642
server online
db connected
snull
8899
30270
server online
db connected
snull
8899
30899
server online
db connected
snull
8899
31524
server online
db connected
snull
8899
32150
server online
db connected
snull
8899
321
server online
db connected
snull
8899
978
server online
db connected
hello world
hello world
hello world
snull
8899
1635
server online
db connected
snull
8899
2254
server online
db connected
snull
8899
2869
server online
db connected
snull
8899
3498
server online
db connected
snull
8899
4113
server online
db connected
snull
8899
4722
server online
db connected
snull
8899
5345
server online
db connected
ogmsdata
re.dbf
ogmsdata
re.shp
ogmsdata
re.shx
ogmsdata
config.udxcfg
data type: id [ 'config.udxcfg', 're.dbf', 're.shp', 're.shx' ]
snull
8899
5936
server online
db connected
s{ fileList:
   [ '/data/dataSource/aa2ff022-4a32-4afc-ab10-75ecfeb2a8e9/aa2ff022-4a32-4afc-ab10-75ecfeb2a8e9.zip' ],
  _id: 5ff2fb84bb949814e1d5b55d,
  uid: 'aa2ff022-4a32-4afc-ab10-75ecfeb2a8e9',
  name: 'fcky/35Rezr+Kyazr8SRWA==',
  origination: 'distributedContainer',
  serverNode: 'china',
  userId: 'fcky/35Rezr+Kyazr8SRWA==',
  date: 2021-01-04T11:27:00.000Z,
  path: '/data/dataSource/aa2ff022-4a32-4afc-ab10-75ecfeb2a8e9',
  type: 'template',
  dataTemplateId: '4996e027-209b-4121-907b-1ed36a417d22',
  __v: 0 }
ogmsdata
re.dbf
ogmsdata
re.shp
ogmsdata
re.shx
ogmsdata
config.udxcfg
data type: id [ 'config.udxcfg', 're.dbf', 're.shp', 're.shx' ]
snull
8899
6560
server online
db connected
snull
8899
7194
server online
db connected
snull
8899
7853
server online
db connected
snull
8899
8477
server online
db connected
snull
8899
9116
server online
db connected
snull
8899
9741
server online
db connected
snull
8899
10369
server online
db connected
snull
8899
11009
server online
db connected
snull
8899
11666
server online
db connected
snull
8899
12290
server online
db connected
snull
8899
12928
server online
db connected
ogmsdata
re.dbf
ogmsdata
re.shp
ogmsdata
re.shx
ogmsdata
config.udxcfg
data type: id [ 'config.udxcfg', 're.dbf', 're.shp', 're.shx' ]
snull
8899
13565
server online
db connected
snull
8899
14185
server online
db connected
snull
8899
14815
server online
db connected
snull
8899
15455
server online
db connected
snull
8899
16109
server online
db connected
snull
8899
16739
server online
db connected
snull
8899
17369
server online
db connected
snull
8899
17999
server online
db connected
snull
8899
18636
server online
db connected
snull
8899
19279
server online
db connected
snull
8899
19909
server online
db connected
ogmsdata
re.dbf
ogmsdata
re.shp
ogmsdata
re.shx
ogmsdata
config.udxcfg
data type: id [ 'config.udxcfg', 're.dbf', 're.shp', 're.shx' ]
snull
8899
20556
server online
db connected
snull
8899
21206
server online
db connected
snull
8899
21841
server online
db connected
snull
8899
22462
server online
db connected
snull
8899
23091
server online
db connected
snull
8899
23691
server online
db connected
snull
8899
24322
server online
db connected
snull
8899
24942
server online
db connected
snull
8899
25572
server online
db connected
snull
8899
26210
server online
db connected
snull
8899
26836
server online
db connected
snull
8899
27452
server online
db connected
snull
8899
28078
server online
db connected
snull
8899
28772
server online
db connected
snull
8899
29399
server online
db connected
snull
8899
30027
server online
db connected
snull
8899
30642
server online
db connected
snull
8899
31263
server online
db connected
snull
8899
31888
server online
db connected
snull
8899
32544
server online
db connected
snull
8899
722
server online
db connected
snull
8899
1353
server online
db connected
snull
8899
1987
server online
db connected
snull
8899
2592
server online
db connected
snull
8899
3231
server online
db connected
snull
8899
3893
server online
db connected
snull
8899
4508
server online
db connected
snull
8899
5140
server online
db connected
snull
8899
5798
server online
db connected
snull
8899
6409
server online
db connected
snull
8899
7040
server online
db connected
snull
8899
7668
server online
db connected
snull
8899
8302
server online
db connected
snull
8899
8933
server online
db connected
snull
8899
9541
server online
db connected
snull
8899
10161
server online
db connected
snull
8899
10759
server online
db connected
snull
8899
11368
server online
db connected
snull
8899
11984
server online
db connected
snull
8899
12625
server online
db connected
snull
8899
13230
server online
db connected
snull
8899
13842
server online
db connected
ogmsdata
re.dbf
ogmsdata
re.shp
ogmsdata
re.shx
ogmsdata
config.udxcfg
data type: id [ 'config.udxcfg', 're.dbf', 're.shp', 're.shx' ]
ogmsdata
re.dbf
ogmsdata
re.shp
ogmsdata
re.shx
ogmsdata
config.udxcfg
data type: id [ 'config.udxcfg', 're.dbf', 're.shp', 're.shx' ]
snull
8899
14477
server online
db connected
snull
8899
15097
server online
db connected
snull
8899
15710
server online
db connected
snull
8899
16330
server online
db connected
snull
8899
16955
server online
db connected
snull
8899
17584
server online
db connected
snull
8899
18215
server online
db connected
snull
8899
18872
server online
db connected
snull
8899
19508
server online
db connected
ogmsdata
re.dbf
ogmsdata
re.shp
ogmsdata
re.shx
ogmsdata
config.udxcfg
data type: id [ 'config.udxcfg', 're.dbf', 're.shp', 're.shx' ]
snull
8899
20134
server online
db connected
snull
8899
20787
server online
db connected
snull
8899
21456
server online
db connected
snull
8899
22097
server online
db connected
snull
8899
22733
server online
db connected
snull
8899
23517
server online
db connected
ogmsdata
re.dbf
ogmsdata
re.shp
ogmsdata
re.shx
ogmsdata
config.udxcfg
data type: id [ 'config.udxcfg', 're.dbf', 're.shp', 're.shx' ]
ogmsdata
re.dbf
ogmsdata
re.shp
ogmsdata
re.shx
ogmsdata
config.udxcfg
data type: id [ 'config.udxcfg', 're.dbf', 're.shp', 're.shx' ]
ogmsdata
re.dbf
ogmsdata
re.shp
ogmsdata
re.shx
ogmsdata
config.udxcfg
data type: id [ 'config.udxcfg', 're.dbf', 're.shp', 're.shx' ]
ogmsdata
re.dbf
ogmsdata
re.shp
ogmsdata
re.shx
ogmsdata
config.udxcfg
data type: id [ 'config.udxcfg', 're.dbf', 're.shp', 're.shx' ]
snull
8899
24360
server online
db connected
ogmsdata
re.dbf
ogmsdata
re.shp
ogmsdata
re.shx
ogmsdata
config.udxcfg
data type: id [ 'config.udxcfg', 're.dbf', 're.shp', 're.shx' ]
snull
8899
25217
server online
db connected
snull
8899
25997
server online
db connected
snull
8899
26634
server online
db connected
snull
8899
27288
server online
db connected
snull
8899
27931
server online
db connected
snull
8899
28563
server online
db connected
snull
8899
29270
server online
db connected
snull
8899
29929
server online
db connected
snull
8899
30573
server online
db connected
snull
8899
31235
server online
db connected
snull
8899
31903
server online
db connected
snull
8899
32558
server online
db connected
snull
8899
781
server online
db connected
snull
8899
1456
server online
db connected
snull
8899
2124
server online
db connected
snull
8899
2778
server online
db connected
snull
8899
3440
server online
db connected
snull
8899
4105
server online
db connected
snull
8899
4745
server online
db connected
snull
8899
5405
server online
db connected
snull
8899
6057
server online
db connected
snull
8899
6711
server online
db connected
snull
8899
7350
server online
db connected
snull
8899
8004
server online
db connected
snull
8899
8637
server online
db connected
snull
8899
9283
server online
db connected
snull
8899
9903
server online
db connected
snull
8899
10538
server online
db connected
snull
8899
11190
server online
db connected
snull
8899
11830
server online
db connected
snull
8899
12471
server online
db connected
snull
8899
13112
server online
db connected
snull
8899
13734
server online
db connected
snull
8899
14365
server online
db connected
snull
8899
14982
server online
db connected
snull
8899
15633
server online
db connected
snull
8899
16264
server online
db connected
snull
8899
16883
server online
db connected
snull
8899
17520
server online
db connected
snull
8899
18157
server online
db connected
snull
8899
18790
server online
db connected
snull
8899
19412
server online
db connected
snull
8899
20039
server online
db connected
snull
8899
20648
server online
db connected
snull
8899
21290
server online
db connected
snull
8899
21903
server online
db connected
snull
8899
22514
server online
db connected
snull
8899
23115
server online
db connected
snull
8899
23731
server online
db connected
snull
8899
24347
server online
db connected
snull
8899
24971
server online
db connected
snull
8899
25632
server online
db connected
snull
8899
26249
server online
db connected
snull
8899
26862
server online
db connected
snull
8899
27475
server online
db connected
snull
8899
28082
server online
db connected
snull
8899
28774
server online
db connected
snull
8899
29376
server online
db connected
snull
8899
29989
server online
db connected
snull
8899
30589
server online
db connected
snull
8899
31223
server online
db connected
snull
8899
31843
server online
db connected
snull
8899
32456
server online
db connected
snull
8899
624
server online
db connected
snull
8899
1254
server online
db connected
snull
8899
1892
server online
db connected
snull
8899
2498
server online
db connected
snull
8899
3122
server online
db connected
snull
8899
3735
server online
db connected
snull
8899
4344
server online
db connected
snull
8899
4956
server online
db connected
snull
8899
5650
server online
db connected
snull
8899
6272
server online
db connected
snull
8899
6889
server online
db connected
snull
8899
7603
server online
db connected
snull
8899
8331
server online
db connected
snull
8899
9085
server online
db connected
snull
8899
9822
server online
db connected
snull
8899
10588
server online
db connected
snull
8899
11319
server online
db connected
snull
8899
12170
server online
db connected
snull
8899
12916
server online
db connected
snull
8899
13666
server online
db connected
snull
8899
14405
server online
db connected
snull
8899
15167
server online
db connected
snull
8899
16011
server online
db connected
snull
8899
16733
server online
db connected
snull
8899
17478
server online
db connected
snull
8899
18223
server online
db connected
snull
8899
18951
server online
db connected
snull
8899
19703
server online
db connected
snull
8899
20359
server online
db connected
snull
8899
21015
server online
db connected
snull
8899
21637
server online
db connected
snull
8899
22247
server online
db connected
snull
8899
22874
server online
db connected
snull
8899
23484
server online
db connected
snull
8899
24089
server online
db connected
snull
8899
24706
server online
db connected
snull
8899
25318
server online
db connected
snull
8899
25956
server online
db connected
snull
8899
26587
server online
db connected
snull
8899
27252
server online
db connected
snull
8899
27910
server online
db connected
snull
8899
28568
server online
db connected
snull
8899
29312
server online
db connected
snull
8899
30001
server online
db connected
snull
8899
30685
server online
db connected
snull
8899
31357
server online
db connected
snull
8899
32034
server online
db connected
snull
8899
32732
server online
db connected
snull
8899
957
server online
db connected
snull
8899
1622
server online
db connected
snull
8899
2270
server online
db connected
snull
8899
2919
server online
db connected
snull
8899
3560
server online
db connected
snull
8899
4204
server online
db connected
snull
8899
4835
server online
db connected
snull
8899
5472
server online
db connected
snull
8899
6128
server online
db connected
snull
8899
6791
server online
db connected
snull
8899
7430
server online
db connected
snull
8899
8095
server online
db connected
snull
8899
8755
server online
db connected
snull
8899
9410
server online
db connected
snull
8899
10080
server online
db connected
snull
8899
10753
server online
db connected
snull
8899
11445
server online
db connected
snull
8899
12104
server online
db connected
snull
8899
12776
server online
db connected
snull
8899
13462
server online
db connected
snull
8899
14105
server online
db connected
snull
8899
14756
server online
db connected
snull
8899
15396
server online
db connected
snull
8899
16031
server online
db connected
snull
8899
16690
server online
db connected
snull
8899
17330
server online
db connected
snull
8899
17969
server online
db connected
snull
8899
18626
server online
db connected
snull
8899
19265
server online
db connected
snull
8899
19939
server online
db connected
snull
8899
20584
server online
db connected
snull
8899
21293
server online
db connected
snull
8899
21946
server online
db connected
snull
8899
22602
server online
db connected
snull
8899
23108
server online
db connected
snull
8899
23281
server online
db connected
snull
8899
23918
server online
db connected
snull
8899
24575
server online
db connected
snull
8899
25242
server online
db connected
snull
8899
25900
server online
db connected
snull
8899
26550
server online
db connected
snull
8899
27212
server online
db connected
snull
8899
27840
server online
db connected
snull
8899
28461
server online
db connected
snull
8899
29131
server online
db connected
snull
8899
29768
server online
db connected
snull
8899
30401
server online
db connected
snull
8899
31045
server online
db connected
snull
8899
31668
server online
db connected
snull
8899
32316
server online
db connected
snull
8899
513
server online
db connected
snull
8899
1183
server online
db connected
snull
8899
1824
server online
db connected
snull
8899
2471
server online
db connected
snull
8899
3136
server online
db connected
snull
8899
3914
server online
db connected
snull
8899
4744
server online
db connected
snull
8899
5585
server online
db connected
snull
8899
6338
server online
db connected
snull
8899
6967
server online
db connected
snull
8899
7591
server online
db connected
snull
8899
8291
server online
db connected
snull
8899
8956
server online
db connected
snull
8899
9626
server online
db connected
snull
8899
10286
server online
db connected
snull
8899
10947
server online
db connected
snull
8899
11609
server online
db connected
snull
8899
12253
server online
db connected
snull
8899
12900
server online
db connected
snull
8899
13575
server online
db connected
snull
8899
14219
server online
db connected
snull
8899
14853
server online
db connected
snull
8899
15508
server online
db connected
snull
8899
16135
server online
db connected
snull
8899
16783
server online
db connected
snull
8899
17404
server online
db connected
snull
8899
18020
server online
db connected
snull
8899
18655
server online
db connected
snull
8899
19291
server online
db connected
snull
8899
19917
server online
db connected
snull
8899
20567
server online
db connected
snull
8899
21225
server online
db connected
snull
8899
21858
server online
db connected
snull
8899
22499
server online
db connected
snull
8899
23121
server online
db connected
snull
8899
23768
server online
db connected
snull
8899
24397
server online
db connected
snull
8899
25050
server online
db connected
snull
8899
25674
server online
db connected
snull
8899
26288
server online
db connected
snull
8899
26902
server online
db connected
snull
8899
27520
server online
db connected
snull
8899
28132
server online
db connected
snull
8899
28809
server online
db connected
snull
8899
29435
server online
db connected
ogmsdata
CHN_adm2.dbf
ogmsdata
CHN_adm2.prj
ogmsdata
CHN_adm2.shp
ogmsdata
CHN_adm2.shx
snull
8899
30048
server online
db connected
snull
8899
30665
server online
db connected
ogmsdata
CHN_adm2.dbf
ogmsdata
CHN_adm2.prj
ogmsdata
CHN_adm2.shp
ogmsdata
CHN_adm2.shx
ogmsdata
config.udxcfg
data type: id [ 'CHN_adm2.dbf',
  'CHN_adm2.prj',
  'CHN_adm2.shp',
  'CHN_adm2.shx',
  'config.udxcfg' ]
s{ fileList:
   [ '/data/dataSource/04961cca-4d8f-457b-9ea5-2fb0d35baafc/04961cca-4d8f-457b-9ea5-2fb0d35baafc.zip' ],
  _id: 5ff3c5c79916c677c994015e,
  uid: '04961cca-4d8f-457b-9ea5-2fb0d35baafc',
  name: 'test',
  origination: 'developer',
  serverNode: 'china',
  userId: '1',
  date: 2021-01-05T01:49:00.000Z,
  path: '/data/dataSource/04961cca-4d8f-457b-9ea5-2fb0d35baafc',
  type: 'template',
  dataTemplateId: '4996e027-209b-4121-907b-1ed36a417d22',
  __v: 0 }
snull
8899
31289
server online
db connected
snull
8899
31913
server online
db connected
snull
8899
32510
server online
db connected
snull
8899
703
server online
db connected
snull
8899
1328
server online
db connected
snull
8899
1952
server online
db connected
snull
8899
2561
server online
db connected
ogmsdata
re.dbf
ogmsdata
re.shp
ogmsdata
re.shx
ogmsdata
config.udxcfg
data type: id [ 'config.udxcfg', 're.dbf', 're.shp', 're.shx' ]
snull
8899
3162
server online
db connected
ogmsdata
re.dbf
ogmsdata
re.shp
ogmsdata
re.shx
ogmsdata
config.udxcfg
data type: id [ 'config.udxcfg', 're.dbf', 're.shp', 're.shx' ]
s{ fileList:
   [ '/data/dataSource/5a390272-3f6c-470d-9b3b-9c7dcfee30c8/5a390272-3f6c-470d-9b3b-9c7dcfee30c8.zip' ],
  _id: 5ff3cb3c2b4bbb0c5ab6e584,
  uid: '5a390272-3f6c-470d-9b3b-9c7dcfee30c8',
  name: 'test',
  origination: 'distributedContainer',
  serverNode: 'china',
  userId: 'fcky/35Rezr+Kyazr8SRWA==',
  date: 2021-01-05T02:13:00.000Z,
  path: '/data/dataSource/5a390272-3f6c-470d-9b3b-9c7dcfee30c8',
  type: 'template',
  dataTemplateId: '4996e027-209b-4121-907b-1ed36a417d22',
  __v: 0 }
snull
8899
3783
server online
db connected
ogmsdata
result.png
ogmsdata
config.udxcfg
data type: id [ 'config.udxcfg', 'result.png' ]
config path /data/dataSource/76f6efd9-b2ed-424d-8e5e-eeb69a0bb6c1/config.udxcfg
s{ fileList:
   [ '/data/dataSource/76f6efd9-b2ed-424d-8e5e-eeb69a0bb6c1/result.png' ],
  _id: 5ff3cbcac9fe060ec7f49d98,
  uid: '76f6efd9-b2ed-424d-8e5e-eeb69a0bb6c1',
  name: 'test',
  origination: 'distributedContainer',
  serverNode: 'china',
  userId: 'LhDgkD+cn0q3xkI6Z6QRHg==',
  date: 2021-01-05T02:15:00.000Z,
  path: '/data/dataSource/76f6efd9-b2ed-424d-8e5e-eeb69a0bb6c1',
  type: 'template',
  singleFileName: 'result.png',
  dataTemplateId: '4996e027-209b-4121-907b-1ed36a417d22',
  __v: 0 }
snull
8899
4385
server online
db connected
ogmsdata
re.dbf
ogmsdata
re.shp
ogmsdata
re.shx
ogmsdata
config.udxcfg
data type: id [ 'config.udxcfg', 're.dbf', 're.shp', 're.shx' ]
ogmsdata
re.dbf
ogmsdata
re.shp
ogmsdata
re.shx
ogmsdata
config.udxcfg
data type: id [ 'config.udxcfg', 're.dbf', 're.shp', 're.shx' ]
snull
8899
5004
server online
db connected
ogmsdata
re.dbf
ogmsdata
re.shp
ogmsdata
re.shx
ogmsdata
config.udxcfg
data type: id [ 'config.udxcfg', 're.dbf', 're.shp', 're.shx' ]
snull
8899
5605
server online
db connected
snull
8899
6225
server online
db connected
ogmsdata
re.dbf
ogmsdata
re.shp
ogmsdata
re.shx
ogmsdata
config.udxcfg
data type: id [ 'config.udxcfg', 're.dbf', 're.shp', 're.shx' ]
snull
8899
6843
server online
db connected
ogmsdata
re.dbf
ogmsdata
re.shp
ogmsdata
re.shx
ogmsdata
config.udxcfg
data type: id [ 'config.udxcfg', 're.dbf', 're.shp', 're.shx' ]
ogmsdata
re.dbf
ogmsdata
re.shp
ogmsdata
config.udxcfg
ogmsdata
re.shx
data type: id [ 'config.udxcfg', 're.dbf', 're.shp', 're.shx' ]
ogmsdata
re.dbf
ogmsdata
re.shp
ogmsdata
re.shx
ogmsdata
config.udxcfg
data type: id [ 'config.udxcfg', 're.dbf', 're.shp', 're.shx' ]
snull
8899
7460
server online
db connected
ogmsdata
re.dbf
ogmsdata
re.shp
ogmsdata
re.shx
ogmsdata
config.udxcfg
data type: id [ 'config.udxcfg', 're.dbf', 're.shp', 're.shx' ]
snull
8899
8074
server online
db connected
ogmsdata
re.dbf
ogmsdata
re.shx
ogmsdata
re.shp
ogmsdata
config.udxcfg
data type: id [ 'config.udxcfg', 're.dbf', 're.shp', 're.shx' ]
ogmsdata
re.dbf
ogmsdata
re.shp
ogmsdata
re.shx
ogmsdata
config.udxcfg
data type: id [ 'config.udxcfg', 're.dbf', 're.shp', 're.shx' ]
ogmsdata
re.dbf
ogmsdata
re.shp
ogmsdata
re.shx
ogmsdata
config.udxcfg
data type: id [ 'config.udxcfg', 're.dbf', 're.shp', 're.shx' ]
snull
8899
8691
server online
db connected
ogmsdata
re.dbf
ogmsdata
re.shp
ogmsdata
re.shx
ogmsdata
config.udxcfg
data type: id [ 'config.udxcfg', 're.dbf', 're.shp', 're.shx' ]
ogmsdata
re.dbf
ogmsdata
re.shp
ogmsdata
re.shx
ogmsdata
config.udxcfg
data type: id [ 'config.udxcfg', 're.dbf', 're.shp', 're.shx' ]
snull
8899
9291
server online
db connected
ogmsdata
re.dbf
ogmsdata
re.shx
ogmsdata
re.shp
ogmsdata
config.udxcfg
data type: id [ 'config.udxcfg', 're.dbf', 're.shp', 're.shx' ]
ogmsdata
re.dbf
ogmsdata
re.shp
ogmsdata
re.shx
ogmsdata
config.udxcfg
data type: id [ 'config.udxcfg', 're.dbf', 're.shp', 're.shx' ]
s{ fileList:
   [ '/data/dataSource/d29fbffe-acbe-4e20-8252-d4e861b0f89c/d29fbffe-acbe-4e20-8252-d4e861b0f89c.zip' ],
  _id: 5ff3d266a195ab244b17ab49,
  uid: 'd29fbffe-acbe-4e20-8252-d4e861b0f89c',
  name: 'test',
  origination: 'distributedContainer',
  serverNode: 'china',
  userId: 'fcky/35Rezr+Kyazr8SRWA==',
  date: 2021-01-05T02:43:00.000Z,
  path: '/data/dataSource/d29fbffe-acbe-4e20-8252-d4e861b0f89c',
  type: 'template',
  dataTemplateId: '4996e027-209b-4121-907b-1ed36a417d22',
  __v: 0 }
snull
8899
9895
server online
db connected
snull
8899
10519
server online
db connected
snull
8899
11125
server online
db connected
snull
8899
11727
server online
db connected
snull
8899
12333
server online
db connected
snull
8899
12960
server online
db connected
snull
8899
13568
server online
db connected
snull
8899
14183
server online
db connected
ogmsdata
re.dbf
ogmsdata
re.shp
ogmsdata
re.shx
ogmsdata
config.udxcfg
data type: id [ 'config.udxcfg', 're.dbf', 're.shp', 're.shx' ]
s{ fileList:
   [ '/data/dataSource/47a1bcd7-3989-460b-996f-17dd054d4ad6/47a1bcd7-3989-460b-996f-17dd054d4ad6.zip' ],
  _id: 5ff3d849c4afcb3767f78764,
  uid: '47a1bcd7-3989-460b-996f-17dd054d4ad6',
  name: 'localpcs',
  origination: 'distributedContainer',
  serverNode: 'china',
  userId: 'localpcs',
  date: 2021-01-05T03:08:00.000Z,
  path: '/data/dataSource/47a1bcd7-3989-460b-996f-17dd054d4ad6',
  type: 'template',
  dataTemplateId: '4996e027-209b-4121-907b-1ed36a417d22',
  __v: 0 }
snull
8899
14782
server online
db connected
snull
8899
15387
server online
db connected
ogmsdata
re.dbf
ogmsdata
re.shp
ogmsdata
re.shx
ogmsdata
config.udxcfg
data type: id [ 'config.udxcfg', 're.dbf', 're.shp', 're.shx' ]
s{ fileList:
   [ '/data/dataSource/ca8ac06b-5c10-46a5-866f-14478f5ec4f0/ca8ac06b-5c10-46a5-866f-14478f5ec4f0.zip' ],
  _id: 5ff3d95cca96523c1b9127d1,
  uid: 'ca8ac06b-5c10-46a5-866f-14478f5ec4f0',
  name: 'ZtxLObpIzuDl/ZO5oOhiDWh/2YRkeFBk1Rhe5/IvOsc=',
  origination: 'distributedContainer',
  serverNode: 'china',
  userId: 'ZtxLObpIzuDl/ZO5oOhiDWh/2YRkeFBk1Rhe5/IvOsc=',
  date: 2021-01-05T03:13:00.000Z,
  path: '/data/dataSource/ca8ac06b-5c10-46a5-866f-14478f5ec4f0',
  type: 'template',
  dataTemplateId: '4996e027-209b-4121-907b-1ed36a417d22',
  __v: 0 }
snull
8899
15991
server online
db connected
ogmsdata
re.dbf
ogmsdata
re.shp
ogmsdata
re.shx
ogmsdata
config.udxcfg
data type: id [ 'config.udxcfg', 're.dbf', 're.shp', 're.shx' ]
s{ fileList:
   [ '/data/dataSource/f13c14fc-6763-451a-b171-078ce77a3e95/f13c14fc-6763-451a-b171-078ce77a3e95.zip' ],
  _id: 5ff3da30c0d70e3e773d7e08,
  uid: 'f13c14fc-6763-451a-b171-078ce77a3e95',
  name: 'test',
  origination: 'distributedContainer',
  serverNode: 'china',
  userId: 'fcky/35Rezr+Kyazr8SRWA==',
  date: 2021-01-05T03:17:00.000Z,
  path: '/data/dataSource/f13c14fc-6763-451a-b171-078ce77a3e95',
  type: 'template',
  dataTemplateId: '4996e027-209b-4121-907b-1ed36a417d22',
  __v: 0 }
s{ fileList:
   [ '/data/dataSource/f13c14fc-6763-451a-b171-078ce77a3e95/f13c14fc-6763-451a-b171-078ce77a3e95.zip' ],
  _id: 5ff3da30c0d70e3e773d7e08,
  uid: 'f13c14fc-6763-451a-b171-078ce77a3e95',
  name: 'test',
  origination: 'distributedContainer',
  serverNode: 'china',
  userId: 'fcky/35Rezr+Kyazr8SRWA==',
  date: 2021-01-05T03:17:00.000Z,
  path: '/data/dataSource/f13c14fc-6763-451a-b171-078ce77a3e95',
  type: 'template',
  dataTemplateId: '4996e027-209b-4121-907b-1ed36a417d22',
  __v: 0 }
snull
8899
16618
server online
db connected
snull
8899
17248
server online
db connected
snull
8899
17870
server online
db connected
snull
8899
18473
server online
db connected
snull
8899
19096
server online
db connected
snull
8899
19709
server online
db connected
snull
8899
20314
server online
db connected
snull
8899
20948
server online
db connected
snull
8899
21550
server online
db connected
snull
8899
22166
server online
db connected
snull
8899
22749
server online
db connected
snull
8899
23390
server online
db connected
snull
8899
24010
server online
db connected
snull
8899
24621
server online
db connected
snull
8899
25268
server online
db connected
snull
8899
25901
server online
db connected
snull
8899
26543
server online
db connected
snull
8899
27166
server online
db connected
snull
8899
27805
server online
db connected
snull
8899
28438
server online
db connected
snull
8899
29127
server online
db connected
snull
8899
29787
server online
db connected
snull
8899
30571
server online
db connected
snull
8899
31269
server online
db connected
snull
8899
31913
server online
db connected
snull
8899
32544
server online
db connected
snull
8899
729
server online
db connected
snull
8899
1374
server online
db connected
snull
8899
1990
server online
db connected
snull
8899
2621
server online
db connected
snull
8899
3234
server online
db connected
snull
8899
3854
server online
db connected
snull
8899
4495
server online
db connected
snull
8899
5125
server online
db connected
snull
8899
5777
server online
db connected
snull
8899
6399
server online
db connected
snull
8899
7033
server online
db connected
snull
8899
7646
server online
db connected
snull
8899
8286
server online
db connected
snull
8899
8919
server online
db connected
snull
8899
9533
server online
db connected
snull
8899
10156
server online
db connected
snull
8899
10770
server online
db connected
snull
8899
11392
server online
db connected
snull
8899
12021
server online
db connected
snull
8899
12632
server online
db connected
snull
8899
13229
server online
db connected
snull
8899
13844
server online
db connected
snull
8899
14451
server online
db connected
snull
8899
15079
server online
db connected
snull
8899
15690
server online
db connected
snull
8899
16316
server online
db connected
snull
8899
16935
server online
db connected
snull
8899
17558
server online
db connected
snull
8899
18201
server online
db connected
snull
8899
18844
server online
db connected
snull
8899
19502
server online
db connected
snull
8899
20133
server online
db connected
snull
8899
20785
server online
db connected
snull
8899
21456
server online
db connected
snull
8899
22068
server online
db connected
snull
8899
22725
server online
db connected
snull
8899
23359
server online
db connected
snull
8899
23990
server online
db connected
snull
8899
24649
server online
db connected
snull
8899
25279
server online
db connected
snull
8899
25911
server online
db connected
snull
8899
26549
server online
db connected
snull
8899
27178
server online
db connected
snull
8899
27797
server online
db connected
snull
8899
28409
server online
db connected
snull
8899
29068
server online
db connected
snull
8899
29669
server online
db connected
snull
8899
30278
server online
db connected
snull
8899
30884
server online
db connected
snull
8899
31512
server online
db connected
snull
8899
32120
server online
db connected
snull
8899
32714
server online
db connected
snull
8899
907
server online
db connected
snull
8899
1567
server online
db connected
snull
8899
2207
server online
db connected
snull
8899
2831
server online
db connected
snull
8899
3454
server online
db connected
snull
8899
4072
server online
db connected
ogmsdata
re.dbf
ogmsdata
re.shp
ogmsdata
re.shx
ogmsdata
config.udxcfg
data type: id [ 'config.udxcfg', 're.dbf', 're.shp', 're.shx' ]
s{ fileList:
   [ '/data/dataSource/3e59d2c8-1488-4fd5-9802-5373ff358767/3e59d2c8-1488-4fd5-9802-5373ff358767.zip' ],
  _id: 5ff415098161980fe8e2d297,
  uid: '3e59d2c8-1488-4fd5-9802-5373ff358767',
  name: 'fcky/35Rezr+Kyazr8SRWA==',
  origination: 'distributedContainer',
  serverNode: 'china',
  userId: 'fcky/35Rezr+Kyazr8SRWA==',
  date: 2021-01-05T07:28:00.000Z,
  path: '/data/dataSource/3e59d2c8-1488-4fd5-9802-5373ff358767',
  type: 'template',
  dataTemplateId: '4996e027-209b-4121-907b-1ed36a417d22',
  __v: 0 }
snull
8899
4757
server online
db connected
ogmsdata
re.dbf
ogmsdata
re.shp
ogmsdata
re.shx
ogmsdata
config.udxcfg
data type: id [ 'config.udxcfg', 're.dbf', 're.shp', 're.shx' ]
snull
8899
5400
server online
db connected
ogmsdata
re.dbf
ogmsdata
re.shp
ogmsdata
re.shx
ogmsdata
config.udxcfg
data type: id [ 'config.udxcfg', 're.dbf', 're.shp', 're.shx' ]
snull
8899
5962
server online
db connected
snull
8899
6071
server online
db connected
ogmsdata
re.dbf
ogmsdata
re.shp
ogmsdata
re.shx
ogmsdata
config.udxcfg
data type: id [ 'config.udxcfg', 're.dbf', 're.shp', 're.shx' ]
s{ fileList:
   [ '/data/dataSource/6f5ed378-bced-48d0-ba83-91fb62f8bfb0/6f5ed378-bced-48d0-ba83-91fb62f8bfb0.zip' ],
  _id: 5ff4171c2565c917b79fba68,
  uid: '6f5ed378-bced-48d0-ba83-91fb62f8bfb0',
  name: 'fcky/35Rezr+Kyazr8SRWA==',
  origination: 'distributedContainer',
  serverNode: 'china',
  userId: 'fcky/35Rezr+Kyazr8SRWA==',
  date: 2021-01-05T07:37:00.000Z,
  path: '/data/dataSource/6f5ed378-bced-48d0-ba83-91fb62f8bfb0',
  type: 'template',
  dataTemplateId: '4996e027-209b-4121-907b-1ed36a417d22',
  __v: 0 }
snull
8899
6731
server online
db connected
snull
8899
7417
server online
db connected
snull
8899
8124
server online
db connected
snull
8899
8768
server online
db connected
snull
8899
9457
server online
db connected
snull
8899
10139
server online
db connected
snull
8899
10841
server online
db connected
snull
8899
11498
server online
db connected
snull
8899
12124
server online
db connected
snull
8899
12763
server online
db connected
snull
8899
13391
server online
db connected
snull
8899
14009
server online
db connected
snull
8899
14654
server online
db connected
snull
8899
15277
server online
db connected
snull
8899
15929
server online
db connected
snull
8899
16551
server online
db connected
snull
8899
17194
server online
db connected
snull
8899
17858
server online
db connected
snull
8899
18549
server online
db connected
snull
8899
19188
server online
db connected
snull
8899
19882
server online
db connected
snull
8899
20539
server online
db connected
snull
8899
21179
server online
db connected
snull
8899
21819
server online
db connected
snull
8899
22467
server online
db connected
snull
8899
23088
server online
db connected
snull
8899
23710
server online
db connected
snull
8899
24333
server online
db connected
snull
8899
24965
server online
db connected
snull
8899
25578
server online
db connected
snull
8899
26193
server online
db connected
snull
8899
26786
server online
db connected
snull
8899
27399
server online
db connected
snull
8899
28021
server online
db connected
snull
8899
28641
server online
db connected
snull
8899
29298
server online
db connected
ogmsdata
re.dbf
ogmsdata
re.shp
ogmsdata
re.shx
ogmsdata
config.udxcfg
data type: id [ 'config.udxcfg', 're.dbf', 're.shp', 're.shx' ]
snull
8899
29911
server online
db connected
snull
8899
30541
server online
db connected
snull
8899
31153
server online
db connected
snull
8899
31755
server online
db connected
snull
8899
32369
server online
db connected
snull
8899
503
server online
db connected
snull
8899
1131
server online
db connected
snull
8899
1750
server online
db connected
snull
8899
2359
server online
db connected
snull
8899
2977
server online
db connected
snull
8899
3586
server online
db connected
snull
8899
4198
server online
db connected
snull
8899
4822
server online
db connected
snull
8899
5423
server online
db connected
snull
8899
6036
server online
db connected
snull
8899
6666
server online
db connected
snull
8899
7350
server online
db connected
snull
8899
8005
server online
db connected
snull
8899
8682
server online
db connected
snull
8899
9356
server online
db connected
snull
8899
10018
server online
db connected
snull
8899
10712
server online
db connected
snull
8899
11355
server online
db connected
snull
8899
12060
server online
db connected
snull
8899
12769
server online
db connected
snull
8899
13412
server online
db connected
snull
8899
14045
server online
db connected
snull
